#
# A fatal error has been detected by the Java Runtime Environment:
#
#  SIGBUS (0xa) at pc=0x00000001308014f0, pid=1839, tid=28683
#
# JRE version: Java(TM) SE Runtime Environment (18.0.2+9) (build 18.0.2+9-61)
# Java VM: Java HotSpot(TM) 64-Bit Server VM (18.0.2+9-61, mixed mode, sharing, tiered, compressed oops, compressed class ptrs, g1 gc, bsd-aarch64)
# Problematic frame:
# v  ~StubRoutines::SafeFetchN
#
# No core dump will be written. Core dumps have been disabled. To enable core dumping, try "ulimit -c unlimited" before starting Java again
#
# If you would like to submit a bug report, please visit:
#   https://bugreport.java.com/bugreport/crash.jsp
# The crash happened outside the Java Virtual Machine in native code.
# See problematic frame for where to report the bug.
#

---------------  S U M M A R Y ------------

Command Line: -javaagent:/Applications/IntelliJ IDEA.app/Contents/lib/idea_rt.jar=58516:/Applications/IntelliJ IDEA.app/Contents/bin -Dfile.encoding=UTF-8 org.example.App

Host: "MacBookAir10,1" arm64, 8 cores, 16G, Darwin 21.6.0, macOS 12.5.1 (21G83)
Time: Wed Nov 16 22:09:38 2022 CST elapsed time: 0.261155 seconds (0d 0h 0m 0s)

---------------  T H R E A D  ---------------

Current thread (0x0000000126872c00):  JavaThread "InvokeLaterDispatcher" daemon [_thread_in_native, id=28683, stack(0x0000000172108000,0x000000017230b000)]

Stack: [0x0000000172108000,0x000000017230b000],  sp=0x000000017230a7e0,  free space=2057k
Native frames: (J=compiled Java code, j=interpreted, Vv=VM code, C=native code)
v  ~StubRoutines::SafeFetchN
V  [libjvm.dylib+0x7cf120]  _ZN10OopStorage7releaseEPKP7oopDesc+0x20
V  [libjvm.dylib+0x4f75e8]  jni_DeleteGlobalRef+0xc0
C  [libglass.dylib+0xab08]  -[GlassRunnable dealloc]+0x34
C  [Foundation+0x852e8]  -[_NSThreadPerformInfo dealloc]+0x30
C  [Foundation+0x5187c]  -[NSObject(NSThreadPerformAdditions) performSelectorOnMainThread:withObject:waitUntilDone:]+0x88
C  0xe5410001308098ac
j  com.sun.glass.ui.mac.MacApplication.submitForLaterInvocation(Ljava/lang/Runnable;)V+2
j  com.sun.glass.ui.InvokeLaterDispatcher.run()V+82
v  ~StubRoutines::call_stub
V  [libjvm.dylib+0x49eb20]  _ZN9JavaCalls11call_helperEP9JavaValueRK12methodHandleP17JavaCallArgumentsP10JavaThread+0x38c
V  [libjvm.dylib+0x49db3c]  _ZN9JavaCalls12call_virtualEP9JavaValueP5KlassP6SymbolS5_P17JavaCallArgumentsP10JavaThread+0x11c
V  [libjvm.dylib+0x49dc08]  _ZN9JavaCalls12call_virtualEP9JavaValue6HandleP5KlassP6SymbolS6_P10JavaThread+0x64
V  [libjvm.dylib+0x54fdf8]  _ZL12thread_entryP10JavaThreadS0_+0x9c
V  [libjvm.dylib+0x919cac]  _ZN10JavaThread17thread_main_innerEv+0xa0
V  [libjvm.dylib+0x91870c]  _ZN6Thread8call_runEv+0xe0
V  [libjvm.dylib+0x7d5904]  _ZL19thread_native_entryP6Thread+0x158
C  [libsystem_pthread.dylib+0x726c]  _pthread_start+0x94

Java frames: (J=compiled Java code, j=interpreted, Vv=VM code)
j  com.sun.glass.ui.mac.MacApplication._submitForLaterInvocation(Ljava/lang/Runnable;)V+0
j  com.sun.glass.ui.mac.MacApplication.submitForLaterInvocation(Ljava/lang/Runnable;)V+2
j  com.sun.glass.ui.InvokeLaterDispatcher.run()V+82
v  ~StubRoutines::call_stub

siginfo: si_signo: 10 (SIGBUS), si_code: 1 (BUS_ADRALN), si_addr: 0x00000001308014f0

Register to memory mapping:

 x0=0x000000012700c448 points into unknown readable memory: 0x0000000000000000 | 00 00 00 00 00 00 00 00
 x1=0x0 is NULL
 x2=0x000000070f75b3c0 is an oop: com.sun.glass.ui.InvokeLaterDispatcher$Future 
{0x000000070f75b3c0} - klass: 'com/sun/glass/ui/InvokeLaterDispatcher$Future'
 - ---- fields (total size 3 words):
 - private 'done' 'Z' @12  true
 - private final 'runnable' 'Ljava/lang/Runnable;' @16  a 'com/sun/glass/ui/mac/MacApplication$$Lambda$87+0x0000000800c32508'{0x000000070f402870} (e1e8050e)
 - final synthetic 'this$0' 'Lcom/sun/glass/ui/InvokeLaterDispatcher;' @20  a 'com/sun/glass/ui/InvokeLaterDispatcher'{0x000000070f72fa88} (e1ee5f51)
 x3=0x0 is NULL
 x4=0x00000000000130a8 is an unknown value
 x5=0x0 is NULL
 x6=0x0 is NULL
 x7=0x0000000126872c00 is a thread
 x8=0x00000001308014ec is at begin+0 in a stub
StubRoutines::SafeFetchN [0x00000001308014ec, 0x00000001308014f8] (12 bytes)
 x9=0x0 is NULL
x10=0x2010000030300000 is an unknown value
x11=0x00000000d534d763 is an unknown value
x12=0x0000000000000002 is an unknown value
x13=0x0 is NULL
x14=0x0000000195190000 points into unknown readable memory: 0x2031765f646c7964 | 64 79 6c 64 5f 76 31 20
x15=0x0000000250898000 is an unknown value
x16=0x00000001954b70fc: pthread_getspecific+0 in /usr/lib/system/libsystem_pthread.dylib at 0x00000001954b5000
x17=0x0000600002c5eb50 points into unknown readable memory: 0xfffffffffffffffe | fe ff ff ff ff ff ff ff
x18=0x0 is NULL
x19=0x0000600002c585b0 points into unknown readable memory: 0x0000600000555480 | 80 54 55 00 00 60 00 00
x20=0x000000012700c240 points into unknown readable memory: 0x0000000000000000 | 00 00 00 00 00 00 00 00
x21=0x000000012700c448 points into unknown readable memory: 0x0000000000000000 | 00 00 00 00 00 00 00 00
x22=0x0000000126872c00 is a thread
x23=0x0000000000000001 is an unknown value
x24=0x000000012700c400 is a global jni handle
x25=0x000000010281ace8: _ZN12StubRoutines17_safefetchN_entryE+0 in /Library/Java/JavaVirtualMachines/jdk-18.0.2.jdk/Contents/Home/lib/server/libjvm.dylib at 0x0000000101c50000
x26=0x0000000141d28000 is pointing into metadata
x27=0x0 is NULL
x28=0x0000000126872c00 is a thread


Registers:
 x0=0x000000012700c448  x1=0x0000000000000000  x2=0x000000070f75b3c0  x3=0x0000000000000000
 x4=0x00000000000130a8  x5=0x0000000000000000  x6=0x0000000000000000  x7=0x0000000126872c00
 x8=0x00000001308014ec  x9=0x0000000000000000 x10=0x2010000030300000 x11=0x00000000d534d763
x12=0x0000000000000002 x13=0x0000000000000000 x14=0x0000000195190000 x15=0x0000000250898000
x16=0x00000001954b70fc x17=0x0000600002c5eb50 x18=0x0000000000000000 x19=0x0000600002c585b0
x20=0x000000012700c240 x21=0x000000012700c448 x22=0x0000000126872c00 x23=0x0000000000000001
x24=0x000000012700c400 x25=0x000000010281ace8 x26=0x0000000141d28000 x27=0x0000000000000000
x28=0x0000000126872c00  fp=0x000000017230a820  lr=0x000000010241df14  sp=0x000000017230a7e0
pc=0x00000001308014f0 cpsr=0x0000000060001000
Top of Stack: (sp=0x000000017230a7e0)
0x000000017230a7e0:   0000000141d28000 0000000000000001
0x000000017230a7f0:   000000017230a9d8 000060000050ced0
0x000000017230a800:   0000000000000000 000000012700c428
0x000000017230a810:   000000012700c428 0000600002c585b0
0x000000017230a820:   000000017230a860 000000010241f120
0x000000017230a830:   0000000000000001 000000012700c428
0x000000017230a840:   0000000000000000 000000012700c428
0x000000017230a850:   0000000000000001 00000001258b2400
0x000000017230a860:   000000017230a890 00000001021475e8
0x000000017230a870:   000060000050cea0 00000001df7f88f7
0x000000017230a880:   0000000000000000 000060000050cea0
0x000000017230a890:   000000017230a8c0 000000010a47ab08
0x000000017230a8a0:   0000000000000000 0000000126872c00
0x000000017230a8b0:   0000000000000000 00006000012005c0
0x000000017230a8c0:   000000017230a900 000000019648d2e8
0x000000017230a8d0:   00000000000130a8 0000000000000000
0x000000017230a8e0:   0000000000000000 611dcc19abe10021
0x000000017230a8f0:   0000000000000000 0000000000000000
0x000000017230a900:   000000017230a940 e15d00019645987c
0x000000017230a910:   000000017230a9d8 00000001308087c0
0x000000017230a920:   0000000000000000 00000001028227a0
0x000000017230a930:   000000017230a950 0000000130807730
0x000000017230a940:   000000017230a9b0 e5410001308098ac
0x000000017230a950:   00000001308096cc 0000000141d03368
0x000000017230a960:   000000017230a960 0000000000000000
0x000000017230a970:   000000017230a9d8 0000000141d28000
0x000000017230a980:   000000070f9a4650 0000000000000000
0x000000017230a990:   0000000000000000 0000000141d03368
0x000000017230a9a0:   0000000000000000 000000017230a9b0
0x000000017230a9b0:   000000017230aa30 0000000130805fc8
0x000000017230a9c0:   0000000000000000 0000000000000000
0x000000017230a9d0:   000000070f75b3c0 000000070f72a6b8 

Instructions: (pc=0x00000001308014f0)
0x00000001308013f0:   f2a04fc9 f2c00029 6d425935 1e640886
0x0000000130801400:   0c402d31 1e6408c7 1f5654d0 1e6c1017
0x0000000130801410:   1f5050d0 1f504cd0 1f5048d0 1e650af6
0x0000000130801420:   1f50d8f6 1f5694d6 1f5158f6 1e762880
0x0000000130801430:   36000501 1e614000 14000026 2e251ca5
0x0000000130801440:   d28e3009 f2a04fc9 f2c00029 6d425d36
0x0000000130801450:   1e600806 0c402d32 1f5758c7 1e6c101a
0x0000000130801460:   1f4754c7 1e650805 1f4750c7 d2866668
0x0000000130801470:   f2a7fa68 1f474cc7 1e6608c0 1f4748c7
0x0000000130801480:   1e6e1019 eb08007f 540000ac 1f479400
0x0000000130801490:   1f460340 1e603b20 1400000e d2a7fd29
0x00000001308014a0:   eb09007f 540000ac 51480069 d3607d29
0x00000001308014b0:   9e670121 14000002 1e6a5001 1f679417
0x00000001308014c0:   1f668742 1e613b23 1e773857 1e773860
0x00000001308014d0:   a8c17ff3 910003bf a8c17bfd d65f03c0
0x00000001308014e0:   b9400001 aa0103e0 d65f03c0 f9400001
0x00000001308014f0:   aa0103e0 d65f03c0 00000000 00000000
0x0000000130801500:   00000000 00000000 00000000 00000000
0x0000000130801510:   00000000 00000000 00000000 00000000
0x0000000130801520:   00000000 00000000 00000000 00000000
0x0000000130801530:   00000000 00000000 00000000 00000000
0x0000000130801540:   00000000 00000000 00000000 00000000
0x0000000130801550:   00000000 00000000 00000000 00000000
0x0000000130801560:   00000000 00000000 00000000 00000000
0x0000000130801570:   00000000 00000000 00000000 00000000
0x0000000130801580:   00000000 00000000 00000000 00000000
0x0000000130801590:   00000000 00000000 00000000 00000000
0x00000001308015a0:   00000000 00000000 00000000 00000000
0x00000001308015b0:   00000000 00000000 00000000 00000000
0x00000001308015c0:   00000000 00000000 00000000 00000000
0x00000001308015d0:   00000000 00000000 00000000 00000000
0x00000001308015e0:   00000000 00000000 00000000 00000000 


Stack slot to memory mapping:
stack at sp + 0 slots: 0x0000000141d28000 is pointing into metadata
stack at sp + 1 slots: 0x0000000000000001 is an unknown value
stack at sp + 2 slots: 0x000000017230a9d8 is pointing into the stack for thread: 0x0000000126872c00
stack at sp + 3 slots: 0x000060000050ced0 points into unknown readable memory: 0x01000001edf1a031 | 31 a0 f1 ed 01 00 00 01
stack at sp + 4 slots: 0x0 is NULL
stack at sp + 5 slots: 0x000000012700c428 is a global jni handle
stack at sp + 6 slots: 0x000000012700c428 is a global jni handle
stack at sp + 7 slots: 0x0000600002c585b0 points into unknown readable memory: 0x0000600000555480 | 80 54 55 00 00 60 00 00

StubRoutines::SafeFetchN [0x00000001308014ec, 0x00000001308014f8] (12 bytes)
[MachCode]
  0x00000001308014ec: 0100 40f9 | e003 01aa | c003 5fd6 
[/MachCode]

---------------  P R O C E S S  ---------------

Threads class SMR info:
_java_thread_list=0x000060000070b380, length=16, elements={
0x0000000127808800, 0x0000000126855600, 0x0000000127808e00, 0x0000000125810e00,
0x0000000127817600, 0x0000000125810800, 0x0000000130011400, 0x000000010f80a400,
0x000000010f812a00, 0x000000012685e200, 0x0000000130042600, 0x0000000127816800,
0x000000013000d400, 0x0000000125814e00, 0x0000000126872c00, 0x00000001258b2400
}

Java Threads: ( => current thread )
  0x0000000127808800 JavaThread "main" [_thread_blocked, id=9731, stack(0x000000016f4f4000,0x000000016f6f7000)]
  0x0000000126855600 JavaThread "Reference Handler" daemon [_thread_blocked, id=17155, stack(0x0000000170348000,0x000000017054b000)]
  0x0000000127808e00 JavaThread "Finalizer" daemon [_thread_blocked, id=16643, stack(0x0000000170554000,0x0000000170757000)]
  0x0000000125810e00 JavaThread "Signal Dispatcher" daemon [_thread_blocked, id=41987, stack(0x0000000170878000,0x0000000170a7b000)]
  0x0000000127817600 JavaThread "Service Thread" daemon [_thread_blocked, id=22787, stack(0x0000000170a84000,0x0000000170c87000)]
  0x0000000125810800 JavaThread "Monitor Deflation Thread" daemon [_thread_blocked, id=41475, stack(0x0000000170c90000,0x0000000170e93000)]
  0x0000000130011400 JavaThread "C2 CompilerThread0" daemon [_thread_blocked, id=23299, stack(0x0000000170e9c000,0x000000017109f000)]
  0x000000010f80a400 JavaThread "C1 CompilerThread0" daemon [_thread_blocked, id=23811, stack(0x00000001710a8000,0x00000001712ab000)]
  0x000000010f812a00 JavaThread "Sweeper thread" daemon [_thread_blocked, id=24323, stack(0x00000001712b4000,0x00000001714b7000)]
  0x000000012685e200 JavaThread "Common-Cleaner" daemon [_thread_blocked, id=40963, stack(0x00000001714c0000,0x00000001716c3000)]
  0x0000000130042600 JavaThread "Monitor Ctrl-Break" daemon [_thread_in_native, id=40451, stack(0x00000001716cc000,0x00000001718cf000)]
  0x0000000127816800 JavaThread "Notification Thread" daemon [_thread_blocked, id=24835, stack(0x00000001718d8000,0x0000000171adb000)]
  0x000000013000d400 JavaThread "JavaFX-Launcher" [_thread_blocked, id=25347, stack(0x0000000171cf0000,0x0000000171ef3000)]
  0x0000000125814e00 JavaThread "QuantumRenderer-0" daemon [_thread_blocked, id=39427, stack(0x0000000171efc000,0x00000001720ff000)]
=>0x0000000126872c00 JavaThread "InvokeLaterDispatcher" daemon [_thread_in_native, id=28683, stack(0x0000000172108000,0x000000017230b000)]
  0x00000001258b2400 JavaThread "Thread-2" [_thread_in_native, id=259, stack(0x000000016ec6c000,0x000000016f468000)]

Other Threads:
  0x000000012700acb0 VMThread "VM Thread" [stack: 0x000000017013c000,0x000000017033f000] [id=15107]
  0x000000010a506220 WatcherThread "VM Periodic Task Thread" [stack: 0x0000000171ae4000,0x0000000171ce7000] [id=40195]
  0x00000001270072b0 WorkerThread "GC Thread#0" [stack: 0x000000016f700000,0x000000016f903000] [id=12291]
  0x0000000127104740 ConcurrentGCThread "G1 Main Marker" [stack: 0x000000016f90c000,0x000000016fb0f000] [id=19715]
  0x0000000127104fb0 WorkerThread "G1 Conc#0" [stack: 0x000000016fb18000,0x000000016fd1b000] [id=13059]
  0x0000000127111cd0 ConcurrentGCThread "G1 Refine#0" [stack: 0x000000016fd24000,0x000000016ff27000] [id=13571]
  0x000000010a504250 ConcurrentGCThread "G1 Service" [stack: 0x000000016ff30000,0x0000000170133000] [id=18435]

Threads with active compile tasks:

VM state: not at safepoint (normal execution)

VM Mutex/Monitor currently owned by a thread: None

Heap address: 0x0000000700000000, size: 4096 MB, Compressed Oops mode: Zero based, Oop shift amount: 3

CDS archive(s) mapped at: [0x0000000800000000-0x0000000800ba8000-0x0000000800ba8000), size 12222464, SharedBaseAddress: 0x0000000800000000, ArchiveRelocationMode: 0.
Compressed class space mapped at: 0x0000000800c00000-0x0000000840c00000, reserved size: 1073741824
Narrow klass base: 0x0000000800000000, Narrow klass shift: 0, Narrow klass range: 0x100000000

GC Precious Log:
 CardTable entry size: 512
 Card Set container configuration: InlinePtr #cards 4 size 8 Array Of Cards #cards 16 size 48 Howl #buckets 8 coarsen threshold 3686 Howl Bitmap #cards 512 size 80 coarsen threshold 460 Card regions per heap region 1 cards per card region 4096
 CPUs: 8 total, 8 available
 Memory: 16384M
 Large Page Support: Disabled
 NUMA Support: Disabled
 Compressed Oops: Enabled (Zero based)
 Heap Region Size: 2M
 Heap Min Capacity: 8M
 Heap Initial Capacity: 256M
 Heap Max Capacity: 4G
 Pre-touch: Disabled
 Parallel Workers: 8
 Concurrent Workers: 2
 Concurrent Refinement Workers: 8
 Periodic GC: Disabled

Heap:
 garbage-first heap   total 266240K, used 12192K [0x0000000700000000, 0x0000000800000000)
  region size 2048K, 6 young (12288K), 0 survivors (0K)
 Metaspace       used 3620K, committed 3840K, reserved 1114112K
  class space    used 378K, committed 512K, reserved 1048576K

Heap Regions: E=young(eden), S=young(survivor), O=old, HS=humongous(starts), HC=humongous(continues), CS=collection set, F=free, OA=open archive, CA=closed archive, TAMS=top-at-mark-start (previous, next)
|   0|0x0000000700000000, 0x0000000700000000, 0x0000000700200000|  0%| F|  |TAMS 0x0000000700000000, 0x0000000700000000| Untracked 
|   1|0x0000000700200000, 0x0000000700200000, 0x0000000700400000|  0%| F|  |TAMS 0x0000000700200000, 0x0000000700200000| Untracked 
|   2|0x0000000700400000, 0x0000000700400000, 0x0000000700600000|  0%| F|  |TAMS 0x0000000700400000, 0x0000000700400000| Untracked 
|   3|0x0000000700600000, 0x0000000700600000, 0x0000000700800000|  0%| F|  |TAMS 0x0000000700600000, 0x0000000700600000| Untracked 
|   4|0x0000000700800000, 0x0000000700800000, 0x0000000700a00000|  0%| F|  |TAMS 0x0000000700800000, 0x0000000700800000| Untracked 
|   5|0x0000000700a00000, 0x0000000700a00000, 0x0000000700c00000|  0%| F|  |TAMS 0x0000000700a00000, 0x0000000700a00000| Untracked 
|   6|0x0000000700c00000, 0x0000000700c00000, 0x0000000700e00000|  0%| F|  |TAMS 0x0000000700c00000, 0x0000000700c00000| Untracked 
|   7|0x0000000700e00000, 0x0000000700e00000, 0x0000000701000000|  0%| F|  |TAMS 0x0000000700e00000, 0x0000000700e00000| Untracked 
|   8|0x0000000701000000, 0x0000000701000000, 0x0000000701200000|  0%| F|  |TAMS 0x0000000701000000, 0x0000000701000000| Untracked 
|   9|0x0000000701200000, 0x0000000701200000, 0x0000000701400000|  0%| F|  |TAMS 0x0000000701200000, 0x0000000701200000| Untracked 
|  10|0x0000000701400000, 0x0000000701400000, 0x0000000701600000|  0%| F|  |TAMS 0x0000000701400000, 0x0000000701400000| Untracked 
|  11|0x0000000701600000, 0x0000000701600000, 0x0000000701800000|  0%| F|  |TAMS 0x0000000701600000, 0x0000000701600000| Untracked 
|  12|0x0000000701800000, 0x0000000701800000, 0x0000000701a00000|  0%| F|  |TAMS 0x0000000701800000, 0x0000000701800000| Untracked 
|  13|0x0000000701a00000, 0x0000000701a00000, 0x0000000701c00000|  0%| F|  |TAMS 0x0000000701a00000, 0x0000000701a00000| Untracked 
|  14|0x0000000701c00000, 0x0000000701c00000, 0x0000000701e00000|  0%| F|  |TAMS 0x0000000701c00000, 0x0000000701c00000| Untracked 
|  15|0x0000000701e00000, 0x0000000701e00000, 0x0000000702000000|  0%| F|  |TAMS 0x0000000701e00000, 0x0000000701e00000| Untracked 
|  16|0x0000000702000000, 0x0000000702000000, 0x0000000702200000|  0%| F|  |TAMS 0x0000000702000000, 0x0000000702000000| Untracked 
|  17|0x0000000702200000, 0x0000000702200000, 0x0000000702400000|  0%| F|  |TAMS 0x0000000702200000, 0x0000000702200000| Untracked 
|  18|0x0000000702400000, 0x0000000702400000, 0x0000000702600000|  0%| F|  |TAMS 0x0000000702400000, 0x0000000702400000| Untracked 
|  19|0x0000000702600000, 0x0000000702600000, 0x0000000702800000|  0%| F|  |TAMS 0x0000000702600000, 0x0000000702600000| Untracked 
|  20|0x0000000702800000, 0x0000000702800000, 0x0000000702a00000|  0%| F|  |TAMS 0x0000000702800000, 0x0000000702800000| Untracked 
|  21|0x0000000702a00000, 0x0000000702a00000, 0x0000000702c00000|  0%| F|  |TAMS 0x0000000702a00000, 0x0000000702a00000| Untracked 
|  22|0x0000000702c00000, 0x0000000702c00000, 0x0000000702e00000|  0%| F|  |TAMS 0x0000000702c00000, 0x0000000702c00000| Untracked 
|  23|0x0000000702e00000, 0x0000000702e00000, 0x0000000703000000|  0%| F|  |TAMS 0x0000000702e00000, 0x0000000702e00000| Untracked 
|  24|0x0000000703000000, 0x0000000703000000, 0x0000000703200000|  0%| F|  |TAMS 0x0000000703000000, 0x0000000703000000| Untracked 
|  25|0x0000000703200000, 0x0000000703200000, 0x0000000703400000|  0%| F|  |TAMS 0x0000000703200000, 0x0000000703200000| Untracked 
|  26|0x0000000703400000, 0x0000000703400000, 0x0000000703600000|  0%| F|  |TAMS 0x0000000703400000, 0x0000000703400000| Untracked 
|  27|0x0000000703600000, 0x0000000703600000, 0x0000000703800000|  0%| F|  |TAMS 0x0000000703600000, 0x0000000703600000| Untracked 
|  28|0x0000000703800000, 0x0000000703800000, 0x0000000703a00000|  0%| F|  |TAMS 0x0000000703800000, 0x0000000703800000| Untracked 
|  29|0x0000000703a00000, 0x0000000703a00000, 0x0000000703c00000|  0%| F|  |TAMS 0x0000000703a00000, 0x0000000703a00000| Untracked 
|  30|0x0000000703c00000, 0x0000000703c00000, 0x0000000703e00000|  0%| F|  |TAMS 0x0000000703c00000, 0x0000000703c00000| Untracked 
|  31|0x0000000703e00000, 0x0000000703e00000, 0x0000000704000000|  0%| F|  |TAMS 0x0000000703e00000, 0x0000000703e00000| Untracked 
|  32|0x0000000704000000, 0x0000000704000000, 0x0000000704200000|  0%| F|  |TAMS 0x0000000704000000, 0x0000000704000000| Untracked 
|  33|0x0000000704200000, 0x0000000704200000, 0x0000000704400000|  0%| F|  |TAMS 0x0000000704200000, 0x0000000704200000| Untracked 
|  34|0x0000000704400000, 0x0000000704400000, 0x0000000704600000|  0%| F|  |TAMS 0x0000000704400000, 0x0000000704400000| Untracked 
|  35|0x0000000704600000, 0x0000000704600000, 0x0000000704800000|  0%| F|  |TAMS 0x0000000704600000, 0x0000000704600000| Untracked 
|  36|0x0000000704800000, 0x0000000704800000, 0x0000000704a00000|  0%| F|  |TAMS 0x0000000704800000, 0x0000000704800000| Untracked 
|  37|0x0000000704a00000, 0x0000000704a00000, 0x0000000704c00000|  0%| F|  |TAMS 0x0000000704a00000, 0x0000000704a00000| Untracked 
|  38|0x0000000704c00000, 0x0000000704c00000, 0x0000000704e00000|  0%| F|  |TAMS 0x0000000704c00000, 0x0000000704c00000| Untracked 
|  39|0x0000000704e00000, 0x0000000704e00000, 0x0000000705000000|  0%| F|  |TAMS 0x0000000704e00000, 0x0000000704e00000| Untracked 
|  40|0x0000000705000000, 0x0000000705000000, 0x0000000705200000|  0%| F|  |TAMS 0x0000000705000000, 0x0000000705000000| Untracked 
|  41|0x0000000705200000, 0x0000000705200000, 0x0000000705400000|  0%| F|  |TAMS 0x0000000705200000, 0x0000000705200000| Untracked 
|  42|0x0000000705400000, 0x0000000705400000, 0x0000000705600000|  0%| F|  |TAMS 0x0000000705400000, 0x0000000705400000| Untracked 
|  43|0x0000000705600000, 0x0000000705600000, 0x0000000705800000|  0%| F|  |TAMS 0x0000000705600000, 0x0000000705600000| Untracked 
|  44|0x0000000705800000, 0x0000000705800000, 0x0000000705a00000|  0%| F|  |TAMS 0x0000000705800000, 0x0000000705800000| Untracked 
|  45|0x0000000705a00000, 0x0000000705a00000, 0x0000000705c00000|  0%| F|  |TAMS 0x0000000705a00000, 0x0000000705a00000| Untracked 
|  46|0x0000000705c00000, 0x0000000705c00000, 0x0000000705e00000|  0%| F|  |TAMS 0x0000000705c00000, 0x0000000705c00000| Untracked 
|  47|0x0000000705e00000, 0x0000000705e00000, 0x0000000706000000|  0%| F|  |TAMS 0x0000000705e00000, 0x0000000705e00000| Untracked 
|  48|0x0000000706000000, 0x0000000706000000, 0x0000000706200000|  0%| F|  |TAMS 0x0000000706000000, 0x0000000706000000| Untracked 
|  49|0x0000000706200000, 0x0000000706200000, 0x0000000706400000|  0%| F|  |TAMS 0x0000000706200000, 0x0000000706200000| Untracked 
|  50|0x0000000706400000, 0x0000000706400000, 0x0000000706600000|  0%| F|  |TAMS 0x0000000706400000, 0x0000000706400000| Untracked 
|  51|0x0000000706600000, 0x0000000706600000, 0x0000000706800000|  0%| F|  |TAMS 0x0000000706600000, 0x0000000706600000| Untracked 
|  52|0x0000000706800000, 0x0000000706800000, 0x0000000706a00000|  0%| F|  |TAMS 0x0000000706800000, 0x0000000706800000| Untracked 
|  53|0x0000000706a00000, 0x0000000706a00000, 0x0000000706c00000|  0%| F|  |TAMS 0x0000000706a00000, 0x0000000706a00000| Untracked 
|  54|0x0000000706c00000, 0x0000000706c00000, 0x0000000706e00000|  0%| F|  |TAMS 0x0000000706c00000, 0x0000000706c00000| Untracked 
|  55|0x0000000706e00000, 0x0000000706e00000, 0x0000000707000000|  0%| F|  |TAMS 0x0000000706e00000, 0x0000000706e00000| Untracked 
|  56|0x0000000707000000, 0x0000000707000000, 0x0000000707200000|  0%| F|  |TAMS 0x0000000707000000, 0x0000000707000000| Untracked 
|  57|0x0000000707200000, 0x0000000707200000, 0x0000000707400000|  0%| F|  |TAMS 0x0000000707200000, 0x0000000707200000| Untracked 
|  58|0x0000000707400000, 0x0000000707400000, 0x0000000707600000|  0%| F|  |TAMS 0x0000000707400000, 0x0000000707400000| Untracked 
|  59|0x0000000707600000, 0x0000000707600000, 0x0000000707800000|  0%| F|  |TAMS 0x0000000707600000, 0x0000000707600000| Untracked 
|  60|0x0000000707800000, 0x0000000707800000, 0x0000000707a00000|  0%| F|  |TAMS 0x0000000707800000, 0x0000000707800000| Untracked 
|  61|0x0000000707a00000, 0x0000000707a00000, 0x0000000707c00000|  0%| F|  |TAMS 0x0000000707a00000, 0x0000000707a00000| Untracked 
|  62|0x0000000707c00000, 0x0000000707c00000, 0x0000000707e00000|  0%| F|  |TAMS 0x0000000707c00000, 0x0000000707c00000| Untracked 
|  63|0x0000000707e00000, 0x0000000707e00000, 0x0000000708000000|  0%| F|  |TAMS 0x0000000707e00000, 0x0000000707e00000| Untracked 
|  64|0x0000000708000000, 0x0000000708000000, 0x0000000708200000|  0%| F|  |TAMS 0x0000000708000000, 0x0000000708000000| Untracked 
|  65|0x0000000708200000, 0x0000000708200000, 0x0000000708400000|  0%| F|  |TAMS 0x0000000708200000, 0x0000000708200000| Untracked 
|  66|0x0000000708400000, 0x0000000708400000, 0x0000000708600000|  0%| F|  |TAMS 0x0000000708400000, 0x0000000708400000| Untracked 
|  67|0x0000000708600000, 0x0000000708600000, 0x0000000708800000|  0%| F|  |TAMS 0x0000000708600000, 0x0000000708600000| Untracked 
|  68|0x0000000708800000, 0x0000000708800000, 0x0000000708a00000|  0%| F|  |TAMS 0x0000000708800000, 0x0000000708800000| Untracked 
|  69|0x0000000708a00000, 0x0000000708a00000, 0x0000000708c00000|  0%| F|  |TAMS 0x0000000708a00000, 0x0000000708a00000| Untracked 
|  70|0x0000000708c00000, 0x0000000708c00000, 0x0000000708e00000|  0%| F|  |TAMS 0x0000000708c00000, 0x0000000708c00000| Untracked 
|  71|0x0000000708e00000, 0x0000000708e00000, 0x0000000709000000|  0%| F|  |TAMS 0x0000000708e00000, 0x0000000708e00000| Untracked 
|  72|0x0000000709000000, 0x0000000709000000, 0x0000000709200000|  0%| F|  |TAMS 0x0000000709000000, 0x0000000709000000| Untracked 
|  73|0x0000000709200000, 0x0000000709200000, 0x0000000709400000|  0%| F|  |TAMS 0x0000000709200000, 0x0000000709200000| Untracked 
|  74|0x0000000709400000, 0x0000000709400000, 0x0000000709600000|  0%| F|  |TAMS 0x0000000709400000, 0x0000000709400000| Untracked 
|  75|0x0000000709600000, 0x0000000709600000, 0x0000000709800000|  0%| F|  |TAMS 0x0000000709600000, 0x0000000709600000| Untracked 
|  76|0x0000000709800000, 0x0000000709800000, 0x0000000709a00000|  0%| F|  |TAMS 0x0000000709800000, 0x0000000709800000| Untracked 
|  77|0x0000000709a00000, 0x0000000709a00000, 0x0000000709c00000|  0%| F|  |TAMS 0x0000000709a00000, 0x0000000709a00000| Untracked 
|  78|0x0000000709c00000, 0x0000000709c00000, 0x0000000709e00000|  0%| F|  |TAMS 0x0000000709c00000, 0x0000000709c00000| Untracked 
|  79|0x0000000709e00000, 0x0000000709e00000, 0x000000070a000000|  0%| F|  |TAMS 0x0000000709e00000, 0x0000000709e00000| Untracked 
|  80|0x000000070a000000, 0x000000070a000000, 0x000000070a200000|  0%| F|  |TAMS 0x000000070a000000, 0x000000070a000000| Untracked 
|  81|0x000000070a200000, 0x000000070a200000, 0x000000070a400000|  0%| F|  |TAMS 0x000000070a200000, 0x000000070a200000| Untracked 
|  82|0x000000070a400000, 0x000000070a400000, 0x000000070a600000|  0%| F|  |TAMS 0x000000070a400000, 0x000000070a400000| Untracked 
|  83|0x000000070a600000, 0x000000070a600000, 0x000000070a800000|  0%| F|  |TAMS 0x000000070a600000, 0x000000070a600000| Untracked 
|  84|0x000000070a800000, 0x000000070a800000, 0x000000070aa00000|  0%| F|  |TAMS 0x000000070a800000, 0x000000070a800000| Untracked 
|  85|0x000000070aa00000, 0x000000070aa00000, 0x000000070ac00000|  0%| F|  |TAMS 0x000000070aa00000, 0x000000070aa00000| Untracked 
|  86|0x000000070ac00000, 0x000000070ac00000, 0x000000070ae00000|  0%| F|  |TAMS 0x000000070ac00000, 0x000000070ac00000| Untracked 
|  87|0x000000070ae00000, 0x000000070ae00000, 0x000000070b000000|  0%| F|  |TAMS 0x000000070ae00000, 0x000000070ae00000| Untracked 
|  88|0x000000070b000000, 0x000000070b000000, 0x000000070b200000|  0%| F|  |TAMS 0x000000070b000000, 0x000000070b000000| Untracked 
|  89|0x000000070b200000, 0x000000070b200000, 0x000000070b400000|  0%| F|  |TAMS 0x000000070b200000, 0x000000070b200000| Untracked 
|  90|0x000000070b400000, 0x000000070b400000, 0x000000070b600000|  0%| F|  |TAMS 0x000000070b400000, 0x000000070b400000| Untracked 
|  91|0x000000070b600000, 0x000000070b600000, 0x000000070b800000|  0%| F|  |TAMS 0x000000070b600000, 0x000000070b600000| Untracked 
|  92|0x000000070b800000, 0x000000070b800000, 0x000000070ba00000|  0%| F|  |TAMS 0x000000070b800000, 0x000000070b800000| Untracked 
|  93|0x000000070ba00000, 0x000000070ba00000, 0x000000070bc00000|  0%| F|  |TAMS 0x000000070ba00000, 0x000000070ba00000| Untracked 
|  94|0x000000070bc00000, 0x000000070bc00000, 0x000000070be00000|  0%| F|  |TAMS 0x000000070bc00000, 0x000000070bc00000| Untracked 
|  95|0x000000070be00000, 0x000000070be00000, 0x000000070c000000|  0%| F|  |TAMS 0x000000070be00000, 0x000000070be00000| Untracked 
|  96|0x000000070c000000, 0x000000070c000000, 0x000000070c200000|  0%| F|  |TAMS 0x000000070c000000, 0x000000070c000000| Untracked 
|  97|0x000000070c200000, 0x000000070c200000, 0x000000070c400000|  0%| F|  |TAMS 0x000000070c200000, 0x000000070c200000| Untracked 
|  98|0x000000070c400000, 0x000000070c400000, 0x000000070c600000|  0%| F|  |TAMS 0x000000070c400000, 0x000000070c400000| Untracked 
|  99|0x000000070c600000, 0x000000070c600000, 0x000000070c800000|  0%| F|  |TAMS 0x000000070c600000, 0x000000070c600000| Untracked 
| 100|0x000000070c800000, 0x000000070c800000, 0x000000070ca00000|  0%| F|  |TAMS 0x000000070c800000, 0x000000070c800000| Untracked 
| 101|0x000000070ca00000, 0x000000070ca00000, 0x000000070cc00000|  0%| F|  |TAMS 0x000000070ca00000, 0x000000070ca00000| Untracked 
| 102|0x000000070cc00000, 0x000000070cc00000, 0x000000070ce00000|  0%| F|  |TAMS 0x000000070cc00000, 0x000000070cc00000| Untracked 
| 103|0x000000070ce00000, 0x000000070ce00000, 0x000000070d000000|  0%| F|  |TAMS 0x000000070ce00000, 0x000000070ce00000| Untracked 
| 104|0x000000070d000000, 0x000000070d000000, 0x000000070d200000|  0%| F|  |TAMS 0x000000070d000000, 0x000000070d000000| Untracked 
| 105|0x000000070d200000, 0x000000070d200000, 0x000000070d400000|  0%| F|  |TAMS 0x000000070d200000, 0x000000070d200000| Untracked 
| 106|0x000000070d400000, 0x000000070d400000, 0x000000070d600000|  0%| F|  |TAMS 0x000000070d400000, 0x000000070d400000| Untracked 
| 107|0x000000070d600000, 0x000000070d600000, 0x000000070d800000|  0%| F|  |TAMS 0x000000070d600000, 0x000000070d600000| Untracked 
| 108|0x000000070d800000, 0x000000070d800000, 0x000000070da00000|  0%| F|  |TAMS 0x000000070d800000, 0x000000070d800000| Untracked 
| 109|0x000000070da00000, 0x000000070da00000, 0x000000070dc00000|  0%| F|  |TAMS 0x000000070da00000, 0x000000070da00000| Untracked 
| 110|0x000000070dc00000, 0x000000070dc00000, 0x000000070de00000|  0%| F|  |TAMS 0x000000070dc00000, 0x000000070dc00000| Untracked 
| 111|0x000000070de00000, 0x000000070de00000, 0x000000070e000000|  0%| F|  |TAMS 0x000000070de00000, 0x000000070de00000| Untracked 
| 112|0x000000070e000000, 0x000000070e000000, 0x000000070e200000|  0%| F|  |TAMS 0x000000070e000000, 0x000000070e000000| Untracked 
| 113|0x000000070e200000, 0x000000070e200000, 0x000000070e400000|  0%| F|  |TAMS 0x000000070e200000, 0x000000070e200000| Untracked 
| 114|0x000000070e400000, 0x000000070e400000, 0x000000070e600000|  0%| F|  |TAMS 0x000000070e400000, 0x000000070e400000| Untracked 
| 115|0x000000070e600000, 0x000000070e600000, 0x000000070e800000|  0%| F|  |TAMS 0x000000070e600000, 0x000000070e600000| Untracked 
| 116|0x000000070e800000, 0x000000070e800000, 0x000000070ea00000|  0%| F|  |TAMS 0x000000070e800000, 0x000000070e800000| Untracked 
| 117|0x000000070ea00000, 0x000000070ea00000, 0x000000070ec00000|  0%| F|  |TAMS 0x000000070ea00000, 0x000000070ea00000| Untracked 
| 118|0x000000070ec00000, 0x000000070ec00000, 0x000000070ee00000|  0%| F|  |TAMS 0x000000070ec00000, 0x000000070ec00000| Untracked 
| 119|0x000000070ee00000, 0x000000070ee00000, 0x000000070f000000|  0%| F|  |TAMS 0x000000070ee00000, 0x000000070ee00000| Untracked 
| 120|0x000000070f000000, 0x000000070f000000, 0x000000070f200000|  0%| F|  |TAMS 0x000000070f000000, 0x000000070f000000| Untracked 
| 121|0x000000070f200000, 0x000000070f200000, 0x000000070f400000|  0%| F|  |TAMS 0x000000070f200000, 0x000000070f200000| Untracked 
| 122|0x000000070f400000, 0x000000070f471270, 0x000000070f600000| 22%| E|  |TAMS 0x000000070f400000, 0x000000070f400000| Complete 
| 123|0x000000070f600000, 0x000000070f800000, 0x000000070f800000|100%| E|CS|TAMS 0x000000070f600000, 0x000000070f600000| Complete 
| 124|0x000000070f800000, 0x000000070fa00000, 0x000000070fa00000|100%| E|CS|TAMS 0x000000070f800000, 0x000000070f800000| Complete 
| 125|0x000000070fa00000, 0x000000070fc00000, 0x000000070fc00000|100%| E|CS|TAMS 0x000000070fa00000, 0x000000070fa00000| Complete 
| 126|0x000000070fc00000, 0x000000070fe00000, 0x000000070fe00000|100%| E|CS|TAMS 0x000000070fc00000, 0x000000070fc00000| Complete 
| 127|0x000000070fe00000, 0x0000000710000000, 0x0000000710000000|100%| E|CS|TAMS 0x000000070fe00000, 0x000000070fe00000| Complete 
|2046|0x00000007ffc00000, 0x00000007ffd74000, 0x00000007ffe00000| 72%|OA|  |TAMS 0x00000007ffc00000, 0x00000007ffc00000| Untracked 
|2047|0x00000007ffe00000, 0x00000007ffe74000, 0x0000000800000000| 22%|CA|  |TAMS 0x00000007ffe00000, 0x00000007ffe00000| Untracked 

Card table byte_map: [0x000000010a600000,0x000000010ae00000] _byte_map_base: 0x0000000106e00000

Marking Bits (Prev, Next): (CMBitMap*) 0x0000000130008210, (CMBitMap*) 0x0000000130008250
 Prev Bits: [0x000000010b600000, 0x000000010f600000)
 Next Bits: [0x0000000120000000, 0x0000000124000000)

Polling page: 0x0000000100b1c000

Metaspace:

Usage:
  Non-class:      3.17 MB used.
      Class:    378.52 KB used.
       Both:      3.54 MB used.

Virtual space:
  Non-class space:       64.00 MB reserved,       3.25 MB (  5%) committed,  1 nodes.
      Class space:        1.00 GB reserved,     512.00 KB ( <1%) committed,  1 nodes.
             Both:        1.06 GB reserved,       3.75 MB ( <1%) committed. 

Chunk freelists:
   Non-Class:  2.81 MB
       Class:  3.55 MB
        Both:  6.36 MB

MaxMetaspaceSize: unlimited
CompressedClassSpaceSize: 1.00 GB
Initial GC threshold: 21.00 MB
Current GC threshold: 21.00 MB
CDS: on
MetaspaceReclaimPolicy: balanced
 - commit_granule_bytes: 65536.
 - commit_granule_words: 8192.
 - virtual_space_node_default_size: 8388608.
 - enlarge_chunks_in_place: 1.
 - new_chunks_are_fully_committed: 0.
 - uncommit_free_chunks: 1.
 - use_allocation_guard: 0.


Internal statistics:

num_allocs_failed_limit: 0.
num_arena_births: 96.
num_arena_deaths: 0.
num_vsnodes_births: 2.
num_vsnodes_deaths: 0.
num_space_committed: 60.
num_space_uncommitted: 0.
num_chunks_returned_to_freelist: 0.
num_chunks_taken_from_freelist: 164.
num_chunk_merges: 0.
num_chunk_splits: 112.
num_chunks_enlarged: 80.
num_inconsistent_stats: 0.

CodeHeap 'non-profiled nmethods': size=120032Kb used=229Kb max_used=229Kb free=119803Kb
 bounds [0x00000001382c8000, 0x0000000138538000, 0x000000013f800000]
CodeHeap 'profiled nmethods': size=120016Kb used=1270Kb max_used=1270Kb free=118745Kb
 bounds [0x0000000130d94000, 0x0000000131004000, 0x00000001382c8000]
CodeHeap 'non-nmethods': size=5712Kb used=1181Kb max_used=1209Kb free=4530Kb
 bounds [0x0000000130800000, 0x0000000130a70000, 0x0000000130d94000]
 total_blobs=1223 nmethods=728 adapters=412
 compilation: enabled
              stopped_count=0, restarted_count=0
 full_count=0

Compilation events (20 events):
Event: 0.175 Thread 0x000000010f80a400 nmethod 719 0x0000000130ecc890 code [0x0000000130ecca40, 0x0000000130eccd58]
Event: 0.177 Thread 0x000000010f80a400  720       3       java.io.FilterInputStream::read (9 bytes)
Event: 0.177 Thread 0x000000010f80a400 nmethod 720 0x0000000130ecce90 code [0x0000000130ecd040, 0x0000000130ecd258]
Event: 0.177 Thread 0x000000010f80a400  721       3       java.security.DigestInputStream::read (39 bytes)
Event: 0.178 Thread 0x000000010f80a400 nmethod 721 0x0000000130ecd310 code [0x0000000130ecd4c0, 0x0000000130ecd888]
Event: 0.178 Thread 0x000000010f80a400  722       3       sun.security.provider.DigestBase::engineUpdate (176 bytes)
Event: 0.178 Thread 0x000000010f80a400 nmethod 722 0x0000000130ecda10 code [0x0000000130ecdd00, 0x0000000130ece9a8]
Event: 0.178 Thread 0x000000010f80a400  723       3       java.security.MessageDigest$Delegate::engineUpdate (11 bytes)
Event: 0.178 Thread 0x000000010f80a400 nmethod 723 0x0000000130eced90 code [0x0000000130ecef40, 0x0000000130ecf158]
Event: 0.179 Thread 0x000000010f80a400  724       3       java.lang.invoke.BoundMethodHandle::<init> (32 bytes)
Event: 0.179 Thread 0x000000010f80a400 nmethod 724 0x0000000130ecf210 code [0x0000000130ecf3c0, 0x0000000130ecf558]
Event: 0.179 Thread 0x000000010f80a400  726       3       java.lang.Integer::stringSize (47 bytes)
Event: 0.180 Thread 0x000000010f80a400 nmethod 726 0x0000000130ecf610 code [0x0000000130ecf7c0, 0x0000000130ecfa28]
Event: 0.180 Thread 0x000000010f80a400  727       3       java.lang.Integer::getChars (131 bytes)
Event: 0.180 Thread 0x000000010f80a400 nmethod 727 0x0000000130ecfb10 code [0x0000000130ecfd00, 0x0000000130ed0128]
Event: 0.181 Thread 0x0000000130011400 nmethod 718 0x0000000138300210 code [0x00000001383003c0, 0x0000000138301180]
Event: 0.220 Thread 0x000000010f80a400  729       3       jdk.internal.org.objectweb.asm.MethodVisitor::<init> (88 bytes)
Event: 0.220 Thread 0x000000010f80a400 nmethod 729 0x0000000130ed0310 code [0x0000000130ed05c0, 0x0000000130ed0ef8]
Event: 0.244 Thread 0x000000010f80a400  730       3       jdk.internal.org.objectweb.asm.SymbolTable$Entry::<init> (18 bytes)
Event: 0.244 Thread 0x000000010f80a400 nmethod 730 0x0000000130ed1210 code [0x0000000130ed13c0, 0x0000000130ed1598]

GC Heap History (0 events):
No events

Deoptimization events (16 events):
Event: 0.056 Thread 0x0000000130042600 Uncommon trap: trap_request=0xfffffff4 fr.pc=0x00000001382d6b0c relative=0x000000000000014c
Event: 0.056 Thread 0x0000000130042600 Uncommon trap: reason=null_check action=make_not_entrant pc=0x00000001382d6b0c method=java.lang.String.equals(Ljava/lang/Object;)Z @ 8 c2
Event: 0.056 Thread 0x0000000130042600 DEOPT PACKING pc=0x00000001382d6b0c sp=0x00000001718ce100
Event: 0.056 Thread 0x0000000130042600 DEOPT UNPACKING pc=0x000000013083ed1c sp=0x00000001718ce090 mode 2
Event: 0.088 Thread 0x000000013000d400 DEOPT PACKING pc=0x0000000130de6074 sp=0x0000000171ef1f40
Event: 0.088 Thread 0x000000013000d400 DEOPT UNPACKING pc=0x000000013083eb7c sp=0x0000000171ef1c00 mode 3
Event: 0.119 Thread 0x0000000125814e00 DEOPT PACKING pc=0x0000000130de1858 sp=0x00000001720fd850
Event: 0.119 Thread 0x0000000125814e00 DEOPT UNPACKING pc=0x000000013083eb7c sp=0x00000001720fd4b0 mode 0
Event: 0.120 Thread 0x0000000125814e00 Uncommon trap: trap_request=0xffffff45 fr.pc=0x00000001382f4934 relative=0x00000000000002b4
Event: 0.120 Thread 0x0000000125814e00 Uncommon trap: reason=unstable_if action=reinterpret pc=0x00000001382f4934 method=java.lang.String.startsWith(Ljava/lang/String;I)Z @ 1 c2
Event: 0.120 Thread 0x0000000125814e00 DEOPT PACKING pc=0x00000001382f4934 sp=0x00000001720fcf10
Event: 0.120 Thread 0x0000000125814e00 DEOPT UNPACKING pc=0x000000013083ed1c sp=0x00000001720fce70 mode 2
Event: 0.123 Thread 0x0000000125814e00 Uncommon trap: trap_request=0xffffff45 fr.pc=0x00000001382d4380 relative=0x00000000000008c0
Event: 0.123 Thread 0x0000000125814e00 Uncommon trap: reason=unstable_if action=reinterpret pc=0x00000001382d4380 method=java.util.HashMap.putVal(ILjava/lang/Object;Ljava/lang/Object;ZZ)Ljava/lang/Object; @ 181 c2
Event: 0.123 Thread 0x0000000125814e00 DEOPT PACKING pc=0x00000001382d4380 sp=0x00000001720fd750
Event: 0.123 Thread 0x0000000125814e00 DEOPT UNPACKING pc=0x000000013083ed1c sp=0x00000001720fd6a0 mode 2

Classes loaded (20 events):
Event: 0.126 Loading class java/lang/constant/DirectMethodHandleDesc$1
Event: 0.126 Loading class java/lang/constant/DirectMethodHandleDesc$1 done
Event: 0.126 Loading class java/lang/constant/PrimitiveClassDescImpl
Event: 0.126 Loading class java/lang/constant/DynamicConstantDesc
Event: 0.126 Loading class java/lang/constant/DynamicConstantDesc done
Event: 0.126 Loading class java/lang/constant/PrimitiveClassDescImpl done
Event: 0.126 Loading class java/lang/constant/DynamicConstantDesc$AnonymousDynamicConstantDesc
Event: 0.126 Loading class java/lang/constant/DynamicConstantDesc$AnonymousDynamicConstantDesc done
Event: 0.130 Loading class sun/security/provider/ByteArrayAccess
Event: 0.130 Loading class sun/security/provider/ByteArrayAccess done
Event: 0.167 Loading class java/util/concurrent/locks/AbstractQueuedSynchronizer$ConditionNode
Event: 0.167 Loading class java/util/concurrent/ForkJoinPool$ManagedBlocker
Event: 0.167 Loading class java/util/concurrent/ForkJoinPool$ManagedBlocker done
Event: 0.167 Loading class java/util/concurrent/locks/AbstractQueuedSynchronizer$ConditionNode done
Event: 0.179 Loading class java/util/concurrent/BlockingDeque
Event: 0.179 Loading class java/util/concurrent/BlockingDeque done
Event: 0.179 Loading class java/util/concurrent/LinkedBlockingDeque
Event: 0.179 Loading class java/util/concurrent/LinkedBlockingDeque done
Event: 0.244 Loading class java/util/concurrent/LinkedBlockingDeque$Node
Event: 0.244 Loading class java/util/concurrent/LinkedBlockingDeque$Node done

Classes unloaded (0 events):
No events

Classes redefined (0 events):
No events

Internal exceptions (9 events):
Event: 0.050 Thread 0x0000000127808800 Exception <a 'java/lang/NoSuchMethodError'{0x000000070fc856e0}: 'void java.lang.invoke.DirectMethodHandle$Holder.invokeStatic(java.lang.Object, java.lang.Object, java.lang.Object)'> (0x000000070fc856e0) 
thrown [open/src/hotspot/share/interpreter/linkResolver.cpp, line 759]
Event: 0.053 Thread 0x0000000127808800 Exception <a 'java/lang/NoSuchMethodError'{0x000000070fc9e288}: 'java.lang.Object java.lang.invoke.Invokers$Holder.invokeExact_MT(java.lang.Object, java.lang.Object, java.lang.Object, java.lang.Object, java.lang.Object)'> (0x000000070fc9e288) 
thrown [open/src/hotspot/share/interpreter/linkResolver.cpp, line 759]
Event: 0.056 Thread 0x0000000130042600 Implicit null exception at 0x00000001382d69fc to 0x00000001382d6b00
Event: 0.057 Thread 0x0000000127808800 Exception <a 'java/lang/NoSuchMethodError'{0x000000070fcd05b8}: 'java.lang.Object java.lang.invoke.DirectMethodHandle$Holder.invokeStaticInit(java.lang.Object)'> (0x000000070fcd05b8) 
thrown [open/src/hotspot/share/interpreter/linkResolver.cpp, line 759]
Event: 0.059 Thread 0x0000000127808800 Exception <a 'java/lang/NoSuchMethodError'{0x000000070fceb9c0}: 'java.lang.Object java.lang.invoke.DirectMethodHandle$Holder.newInvokeSpecial(java.lang.Object, java.lang.Object, java.lang.Object, java.lang.Object, java.lang.Object)'> (0x000000070fceb9c0) 
thrown [open/src/hotspot/share/interpreter/linkResolver.cpp, line 759]
Event: 0.059 Thread 0x000000013000d400 Exception <a 'java/lang/NoSuchMethodError'{0x000000070fdd0fa8}: 'void java.lang.invoke.DirectMethodHandle$Holder.invokeStatic(java.lang.Object, java.lang.Object)'> (0x000000070fdd0fa8) 
thrown [open/src/hotspot/share/interpreter/linkResolver.cpp, line 759]
Event: 0.084 Thread 0x000000013000d400 Exception <a 'java/lang/NoSuchMethodError'{0x000000070fb131a0}: 'void java.lang.invoke.DirectMethodHandle$Holder.invokeSpecial(java.lang.Object, java.lang.Object, java.lang.Object)'> (0x000000070fb131a0) 
thrown [open/src/hotspot/share/interpreter/linkResolver.cpp, line 759]
Event: 0.087 Thread 0x000000013000d400 Exception <a 'java/lang/ClassNotFoundException'{0x000000070fb3e300}: sun/util/logging/resources/spi/loggingProvider> (0x000000070fb3e300) 
thrown [open/src/hotspot/share/classfile/systemDictionary.cpp, line 255]
Event: 0.168 Thread 0x000000013000d400 Exception <a 'java/lang/NoSuchMethodError'{0x000000070f979910}: 'int java.lang.invoke.DirectMethodHandle$Holder.invokeStaticInit(java.lang.Object, java.lang.Object, java.lang.Object)'> (0x000000070f979910) 
thrown [open/src/hotspot/share/interpreter/linkResolver.cpp, line 759]

VM Operations (8 events):
Event: 0.030 Executing VM operation: HandshakeAllThreads
Event: 0.030 Executing VM operation: HandshakeAllThreads done
Event: 0.055 Executing VM operation: HandshakeAllThreads
Event: 0.055 Executing VM operation: HandshakeAllThreads done
Event: 0.098 Executing VM operation: HandshakeAllThreads
Event: 0.098 Executing VM operation: HandshakeAllThreads done
Event: 0.119 Executing VM operation: HandshakeAllThreads
Event: 0.119 Executing VM operation: HandshakeAllThreads done

Events (20 events):
Event: 0.054 Protecting memory [0x00000001718d8000,0x00000001718e4000] with protection modes 0
Event: 0.055 Loaded shared library /Library/Java/JavaVirtualMachines/jdk-18.0.2.jdk/Contents/Home/lib/libnet.dylib
Event: 0.058 Loaded shared library /Library/Java/JavaVirtualMachines/jdk-18.0.2.jdk/Contents/Home/lib/libextnet.dylib
Event: 0.059 Thread 0x000000013000d400 Thread added: 0x000000013000d400
Event: 0.059 Protecting memory [0x0000000171cf0000,0x0000000171cfc000] with protection modes 0
Event: 0.073 Loaded shared library /Library/Java/JavaVirtualMachines/jdk-18.0.2.jdk/Contents/Home/lib/libjimage.dylib
Event: 0.113 Thread 0x0000000125814e00 Thread added: 0x0000000125814e00
Event: 0.113 Protecting memory [0x0000000171efc000,0x0000000171f08000] with protection modes 0
Event: 0.118 Loading shared library /Users/renu/software/maven/repository/org/openjfx/javafx-graphics/17/libprism_es2.dylib failed, dlopen(/Users/renu/software/maven/repository/org/openjfx/javafx-graphics/17/libprism_es2.dylib, 0x0001): tried: '/Users/renu/software/ma
Event: 0.134 Loaded shared library /Users/renu/.openjfx/cache/17/libprism_es2.dylib
Event: 0.173 Loading shared library /Users/renu/software/maven/repository/org/openjfx/javafx-graphics/17/libglass.dylib failed, dlopen(/Users/renu/software/maven/repository/org/openjfx/javafx-graphics/17/libglass.dylib, 0x0001): tried: '/Users/renu/software/maven/repo
Event: 0.178 Loaded shared library /Users/renu/.openjfx/cache/17/libglass.dylib
Event: 0.179 Thread 0x0000000126872c00 Thread added: 0x0000000126872c00
Event: 0.179 Protecting memory [0x0000000172108000,0x0000000172114000] with protection modes 0
Event: 0.180 Protecting memory [0x000000016ec6c000,0x000000016ec78000] with protection modes 0
Event: 0.180 Thread 0x00000001258b2400 Thread added: 0x00000001258b2400
Event: 0.220 Thread 0x00000001269c1000 Thread added: 0x00000001269c1000
Event: 0.220 Protecting memory [0x0000000172314000,0x0000000172320000] with protection modes 0
Event: 0.244 Protecting memory [0x0000000172314000,0x0000000172320000] with protection modes 3
Event: 0.244 Thread 0x00000001269c1000 Thread exited: 0x00000001269c1000


Dynamic libraries:
0x0000000100acc000 	/Library/Java/JavaVirtualMachines/jdk-18.0.2.jdk/Contents/Home/lib/libjli.dylib
0x000000019ff69000 	/usr/lib/libz.1.dylib
0x00000001a0020000 	/usr/lib/libSystem.B.dylib
0x00000001a001a000 	/usr/lib/system/libcache.dylib
0x000000019ffd8000 	/usr/lib/system/libcommonCrypto.dylib
0x00000001a0001000 	/usr/lib/system/libcompiler_rt.dylib
0x000000019fff8000 	/usr/lib/system/libcopyfile.dylib
0x000000019523f000 	/usr/lib/system/libcorecrypto.dylib
0x00000001952f4000 	/usr/lib/system/libdispatch.dylib
0x00000001954c2000 	/usr/lib/system/libdyld.dylib
0x00000001a0010000 	/usr/lib/system/libkeymgr.dylib
0x000000019ffb3000 	/usr/lib/system/libmacho.dylib
0x000000019f6a3000 	/usr/lib/system/libquarantine.dylib
0x00000001a000d000 	/usr/lib/system/libremovefile.dylib
0x000000019a63a000 	/usr/lib/system/libsystem_asl.dylib
0x00000001951e1000 	/usr/lib/system/libsystem_blocks.dylib
0x000000019537c000 	/usr/lib/system/libsystem_c.dylib
0x00000001a0005000 	/usr/lib/system/libsystem_collections.dylib
0x000000019eb38000 	/usr/lib/system/libsystem_configuration.dylib
0x000000019dd92000 	/usr/lib/system/libsystem_containermanager.dylib
0x000000019fd10000 	/usr/lib/system/libsystem_coreservices.dylib
0x0000000197bf3000 	/usr/lib/system/libsystem_darwin.dylib
0x00000001a0011000 	/usr/lib/system/libsystem_dnssd.dylib
0x0000000195379000 	/usr/lib/system/libsystem_featureflags.dylib
0x00000001954d7000 	/usr/lib/system/libsystem_info.dylib
0x000000019ff7b000 	/usr/lib/system/libsystem_m.dylib
0x00000001952c9000 	/usr/lib/system/libsystem_malloc.dylib
0x000000019a5c8000 	/usr/lib/system/libsystem_networkextension.dylib
0x000000019804c000 	/usr/lib/system/libsystem_notify.dylib
0x00000001a6375000 	/usr/lib/system/libsystem_product_info_filter.dylib
0x000000019eb3d000 	/usr/lib/system/libsystem_sandbox.dylib
0x00000001a000a000 	/usr/lib/system/libsystem_secinit.dylib
0x000000019547d000 	/usr/lib/system/libsystem_kernel.dylib
0x00000001954cf000 	/usr/lib/system/libsystem_platform.dylib
0x00000001954b5000 	/usr/lib/system/libsystem_pthread.dylib
0x000000019bd9e000 	/usr/lib/system/libsystem_symptoms.dylib
0x0000000195225000 	/usr/lib/system/libsystem_trace.dylib
0x000000019ffe5000 	/usr/lib/system/libunwind.dylib
0x00000001951e3000 	/usr/lib/system/libxpc.dylib
0x0000000195465000 	/usr/lib/libc++abi.dylib
0x000000019533b000 	/usr/lib/libobjc.A.dylib
0x000000019fff0000 	/usr/lib/liboah.dylib
0x00000001953fe000 	/usr/lib/libc++.1.dylib
0x00000001abea3000 	/System/Library/Frameworks/Cocoa.framework/Versions/A/Cocoa
0x00000001980ad000 	/System/Library/Frameworks/AppKit.framework/Versions/C/AppKit
0x000000019b5c4000 	/System/Library/Frameworks/CoreData.framework/Versions/A/CoreData
0x0000000196408000 	/System/Library/Frameworks/Foundation.framework/Versions/C/Foundation
0x0000000198f66000 	/System/Library/PrivateFrameworks/UIFoundation.framework/Versions/A/UIFoundation
0x00000001a606f000 	/System/Library/PrivateFrameworks/RemoteViewServices.framework/Versions/A/RemoteViewServices
0x000000019e4e0000 	/System/Library/PrivateFrameworks/XCTTargetBootstrap.framework/Versions/A/XCTTargetBootstrap
0x00000001a1d60000 	/System/Library/PrivateFrameworks/InternationalSupport.framework/Versions/A/InternationalSupport
0x00000001a1de9000 	/System/Library/PrivateFrameworks/UserActivity.framework/Versions/A/UserActivity
0x00000001a1257000 	/usr/lib/libspindump.dylib
0x00000001991d7000 	/System/Library/Frameworks/UniformTypeIdentifiers.framework/Versions/A/UniformTypeIdentifiers
0x000000019ca28000 	/usr/lib/libapp_launch_measurement.dylib
0x000000019bf50000 	/System/Library/PrivateFrameworks/CoreAnalytics.framework/Versions/A/CoreAnalytics
0x000000019ca2b000 	/System/Library/PrivateFrameworks/CoreAutoLayout.framework/Versions/A/CoreAutoLayout
0x000000019ddcf000 	/System/Library/Frameworks/Metal.framework/Versions/A/Metal
0x000000019eb48000 	/usr/lib/liblangid.dylib
0x000000019e4e5000 	/System/Library/PrivateFrameworks/CoreSVG.framework/Versions/A/CoreSVG
0x000000019a66e000 	/System/Library/PrivateFrameworks/SkyLight.framework/Versions/A/SkyLight
0x000000019aa4a000 	/System/Library/Frameworks/CoreGraphics.framework/Versions/A/CoreGraphics
0x00000001a673b000 	/System/Library/Frameworks/Accelerate.framework/Versions/A/Accelerate
0x00000001a0cce000 	/System/Library/PrivateFrameworks/IconServices.framework/Versions/A/IconServices
0x000000019ddb1000 	/System/Library/Frameworks/IOSurface.framework/Versions/A/IOSurface
0x000000019bf81000 	/usr/lib/libDiagnosticMessagesClient.dylib
0x00000001a9c40000 	/System/Library/Frameworks/ApplicationServices.framework/Versions/A/ApplicationServices
0x000000019e4c8000 	/System/Library/PrivateFrameworks/DFRFoundation.framework/Versions/A/DFRFoundation
0x000000019793d000 	/usr/lib/libicucore.A.dylib
0x00000001a2c0e000 	/System/Library/Frameworks/AudioToolbox.framework/Versions/A/AudioToolbox
0x00000001a1d6c000 	/System/Library/PrivateFrameworks/DataDetectorsCore.framework/Versions/A/DataDetectorsCore
0x00000001b878c000 	/System/Library/PrivateFrameworks/TextInput.framework/Versions/A/TextInput
0x000000019a5e3000 	/usr/lib/libMobileGestalt.dylib
0x000000019e194000 	/System/Library/Frameworks/Carbon.framework/Versions/A/Frameworks/HIToolbox.framework/Versions/A/HIToolbox
0x000000019c401000 	/System/Library/Frameworks/QuartzCore.framework/Versions/A/QuartzCore
0x00000001975be000 	/System/Library/Frameworks/Security.framework/Versions/A/Security
0x00000001a60af000 	/System/Library/Frameworks/Carbon.framework/Versions/A/Frameworks/SpeechRecognition.framework/Versions/A/SpeechRecognition
0x000000019c77d000 	/System/Library/PrivateFrameworks/CoreUI.framework/Versions/A/CoreUI
0x0000000196e9a000 	/System/Library/Frameworks/CoreAudio.framework/Versions/A/CoreAudio
0x000000019c075000 	/System/Library/Frameworks/DiskArbitration.framework/Versions/A/DiskArbitration
0x00000001a1661000 	/System/Library/PrivateFrameworks/MultitouchSupport.framework/Versions/A/MultitouchSupport
0x000000019a5e1000 	/usr/lib/libenergytrace.dylib
0x0000000197f75000 	/System/Library/Frameworks/IOKit.framework/Versions/A/IOKit
0x00000001a649e000 	/System/Library/Frameworks/CoreServices.framework/Versions/A/CoreServices
0x000000019c9b8000 	/System/Library/PrivateFrameworks/PerformanceAnalysis.framework/Versions/A/PerformanceAnalysis
0x00000001f6c37000 	/System/Library/Frameworks/OpenGL.framework/Versions/A/OpenGL
0x000000019f5bb000 	/System/Library/PrivateFrameworks/MobileKeyBag.framework/Versions/A/MobileKeyBag
0x000000019b058000 	/System/Library/Frameworks/ColorSync.framework/Versions/A/ColorSync
0x0000000195504000 	/System/Library/Frameworks/CoreFoundation.framework/Versions/A/CoreFoundation
0x000000019e764000 	/System/Library/Frameworks/CoreImage.framework/Versions/A/CoreImage
0x0000000196cbe000 	/System/Library/Frameworks/CoreText.framework/Versions/A/CoreText
0x000000019e515000 	/System/Library/Frameworks/ImageIO.framework/Versions/A/ImageIO
0x00000001a0026000 	/System/Library/PrivateFrameworks/SoftLinking.framework/Versions/A/SoftLinking
0x000000019ca76000 	/usr/lib/libxml2.2.dylib
0x00000001a02bf000 	/usr/lib/libcompression.dylib
0x00000001a1cbc000 	/System/Library/PrivateFrameworks/TextureIO.framework/Versions/A/TextureIO
0x00000001a09e7000 	/usr/lib/libate.dylib
0x00000001a08ac000 	/usr/lib/liblzma.5.dylib
0x00000001960fb000 	/System/Library/Frameworks/SystemConfiguration.framework/Versions/A/SystemConfiguration
0x00000001a0022000 	/usr/lib/libfakelink.dylib
0x000000019a113000 	/System/Library/Frameworks/CFNetwork.framework/Versions/A/CFNetwork
0x00000001a0168000 	/usr/lib/libarchive.2.dylib
0x000000019eb44000 	/System/Library/PrivateFrameworks/AppleSystemInfo.framework/Versions/A/AppleSystemInfo
0x000000019f6ce000 	/usr/lib/libbsm.0.dylib
0x0000000199680000 	/usr/lib/libnetwork.dylib
0x000000019ffbc000 	/usr/lib/system/libkxld.dylib
0x000000019f2e8000 	/System/Library/PrivateFrameworks/IOMobileFramebuffer.framework/Versions/A/IOMobileFramebuffer
0x0000000215021000 	/usr/lib/libCoreEntitlements.dylib
0x000000019fcf2000 	/System/Library/PrivateFrameworks/AppleFSCompression.framework/Versions/A/AppleFSCompression
0x000000019f6b6000 	/usr/lib/libcoretls.dylib
0x00000001a08c5000 	/usr/lib/libcoretls_cfhelpers.dylib
0x00000001a02ba000 	/usr/lib/libpam.2.dylib
0x000000019b9b4000 	/usr/lib/libsqlite3.dylib
0x00000001a092e000 	/usr/lib/libxar.1.dylib
0x000000019fd03000 	/usr/lib/libbz2.1.0.dylib
0x00000001a0027000 	/usr/lib/libpcap.A.dylib
0x000000019bd95000 	/usr/lib/libdns_services.dylib
0x00000001a028d000 	/usr/lib/libapple_nghttp2.dylib
0x00000001a0064000 	/usr/lib/libiconv.2.dylib
0x000000019ffb2000 	/usr/lib/libcharset.1.dylib
0x000000019c9f4000 	/System/Library/Frameworks/CoreServices.framework/Versions/A/Frameworks/FSEvents.framework/Versions/A/FSEvents
0x0000000197bfe000 	/System/Library/Frameworks/CoreServices.framework/Versions/A/Frameworks/CarbonCore.framework/Versions/A/CarbonCore
0x000000019bfd5000 	/System/Library/Frameworks/CoreServices.framework/Versions/A/Frameworks/Metadata.framework/Versions/A/Metadata
0x000000019fd16000 	/System/Library/Frameworks/CoreServices.framework/Versions/A/Frameworks/OSServices.framework/Versions/A/OSServices
0x00000001a01ee000 	/System/Library/Frameworks/CoreServices.framework/Versions/A/Frameworks/SearchKit.framework/Versions/A/SearchKit
0x000000019bd23000 	/System/Library/Frameworks/CoreServices.framework/Versions/A/Frameworks/AE.framework/Versions/A/AE
0x0000000195a4b000 	/System/Library/Frameworks/CoreServices.framework/Versions/A/Frameworks/LaunchServices.framework/Versions/A/LaunchServices
0x00000001a0855000 	/System/Library/Frameworks/CoreServices.framework/Versions/A/Frameworks/DictionaryServices.framework/Versions/A/DictionaryServices
0x000000019ca01000 	/System/Library/Frameworks/CoreServices.framework/Versions/A/Frameworks/SharedFileList.framework/Versions/A/SharedFileList
0x000000019f6a6000 	/usr/lib/libCheckFix.dylib
0x000000019a652000 	/System/Library/PrivateFrameworks/TCC.framework/Versions/A/TCC
0x000000019eb4a000 	/System/Library/PrivateFrameworks/CoreNLP.framework/Versions/A/CoreNLP
0x000000019bf84000 	/System/Library/PrivateFrameworks/MetadataUtilities.framework/Versions/A/MetadataUtilities
0x00000001961b5000 	/usr/lib/libmecabra.dylib
0x000000019f6df000 	/usr/lib/libmecab.dylib
0x0000000196181000 	/usr/lib/libCRFSuite.dylib
0x000000019f73c000 	/usr/lib/libgermantok.dylib
0x00000001a0266000 	/usr/lib/libThaiTokenizer.dylib
0x000000019c07d000 	/System/Library/Frameworks/Accelerate.framework/Versions/A/Frameworks/vImage.framework/Versions/A/vImage
0x00000001a6475000 	/System/Library/Frameworks/Accelerate.framework/Versions/A/Frameworks/vecLib.framework/Versions/A/vecLib
0x00000001a0973000 	/System/Library/Frameworks/Accelerate.framework/Versions/A/Frameworks/vecLib.framework/Versions/A/libvMisc.dylib
0x000000019f1ef000 	/System/Library/Frameworks/Accelerate.framework/Versions/A/Frameworks/vecLib.framework/Versions/A/libvDSP.dylib
0x0000000195dd6000 	/System/Library/Frameworks/Accelerate.framework/Versions/A/Frameworks/vecLib.framework/Versions/A/libBLAS.dylib
0x00000001a0390000 	/System/Library/Frameworks/Accelerate.framework/Versions/A/Frameworks/vecLib.framework/Versions/A/libLAPACK.dylib
0x000000019f73f000 	/System/Library/Frameworks/Accelerate.framework/Versions/A/Frameworks/vecLib.framework/Versions/A/libLinearAlgebra.dylib
0x00000001a02a5000 	/System/Library/Frameworks/Accelerate.framework/Versions/A/Frameworks/vecLib.framework/Versions/A/libSparseBLAS.dylib
0x00000001a038b000 	/System/Library/Frameworks/Accelerate.framework/Versions/A/Frameworks/vecLib.framework/Versions/A/libQuadrature.dylib
0x000000019ec43000 	/System/Library/Frameworks/Accelerate.framework/Versions/A/Frameworks/vecLib.framework/Versions/A/libBNNS.dylib
0x0000000196094000 	/System/Library/Frameworks/Accelerate.framework/Versions/A/Frameworks/vecLib.framework/Versions/A/libSparse.dylib
0x000000019ec3b000 	/System/Library/PrivateFrameworks/LinguisticData.framework/Versions/A/LinguisticData
0x000000019604c000 	/System/Library/PrivateFrameworks/Lexicon.framework/Versions/A/Lexicon
0x00000001a096b000 	/usr/lib/libChineseTokenizer.dylib
0x00000001967fa000 	/System/Library/PrivateFrameworks/LanguageModeling.framework/Versions/A/LanguageModeling
0x00000001a0268000 	/System/Library/PrivateFrameworks/AppleSauce.framework/Versions/A/AppleSauce
0x000000019f2d5000 	/System/Library/PrivateFrameworks/CoreEmoji.framework/Versions/A/CoreEmoji
0x00000001a0156000 	/usr/lib/libcmph.dylib
0x000000019c9d4000 	/System/Library/Frameworks/OpenDirectory.framework/Versions/A/Frameworks/CFOpenDirectory.framework/Versions/A/CFOpenDirectory
0x000000019c9c4000 	/System/Library/Frameworks/OpenDirectory.framework/Versions/A/OpenDirectory
0x00000001a08c7000 	/System/Library/PrivateFrameworks/APFS.framework/Versions/A/APFS
0x000000019f5f6000 	/System/Library/Frameworks/SecurityFoundation.framework/Versions/A/SecurityFoundation
0x00000001a093d000 	/usr/lib/libutil.dylib
0x0000000197f37000 	/System/Library/PrivateFrameworks/CoreServicesStore.framework/Versions/A/CoreServicesStore
0x00000001a0941000 	/usr/lib/libxslt.1.dylib
0x000000019f68a000 	/System/Library/PrivateFrameworks/BackgroundTaskManagement.framework/Versions/A/BackgroundTaskManagement
0x00000001a1bdd000 	/System/Library/Frameworks/ImageIO.framework/Versions/A/Resources/libRadiance.dylib
0x00000001a1be6000 	/System/Library/Frameworks/ImageIO.framework/Versions/A/Resources/libJPEG.dylib
0x00000001a1b39000 	/System/Library/Frameworks/ImageIO.framework/Versions/A/Resources/libPng.dylib
0x00000001a1b5b000 	/System/Library/Frameworks/ImageIO.framework/Versions/A/Resources/libTIFF.dylib
0x00000001a1c41000 	/System/Library/Frameworks/ImageIO.framework/Versions/A/Resources/libGIF.dylib
0x00000001a1571000 	/System/Library/Frameworks/ImageIO.framework/Versions/A/Resources/libJP2.dylib
0x00000001a0c93000 	/usr/lib/libexpat.1.dylib
0x00000001a152c000 	/System/Library/PrivateFrameworks/AppleJPEG.framework/Versions/A/AppleJPEG
0x000000019e050000 	/System/Library/PrivateFrameworks/FontServices.framework/libFontParser.dylib
0x000000019bcc8000 	/System/Library/PrivateFrameworks/RunningBoardServices.framework/Versions/A/RunningBoardServices
0x00000001ac57a000 	/System/Library/PrivateFrameworks/IOSurfaceAccelerator.framework/Versions/A/IOSurfaceAccelerator
0x00000001a165d000 	/System/Library/PrivateFrameworks/WatchdogClient.framework/Versions/A/WatchdogClient
0x00000001968fa000 	/System/Library/Frameworks/CoreDisplay.framework/Versions/A/CoreDisplay
0x000000019df3a000 	/System/Library/Frameworks/CoreMedia.framework/Versions/A/CoreMedia
0x000000019ddc5000 	/System/Library/PrivateFrameworks/IOAccelerator.framework/Versions/A/IOAccelerator
0x000000019cb64000 	/System/Library/Frameworks/CoreVideo.framework/Versions/A/CoreVideo
0x00000001a02b8000 	/System/Library/Frameworks/MetalPerformanceShaders.framework/Versions/A/MetalPerformanceShaders
0x00000001a169c000 	/System/Library/Frameworks/VideoToolbox.framework/Versions/A/VideoToolbox
0x000000019bc0c000 	/System/Library/PrivateFrameworks/BaseBoard.framework/Versions/A/BaseBoard
0x000000019b99a000 	/System/Library/PrivateFrameworks/ProtocolBuffer.framework/Versions/A/ProtocolBuffer
0x00000001a1bd8000 	/System/Library/PrivateFrameworks/GPUWrangler.framework/Versions/A/GPUWrangler
0x00000001a1bb8000 	/System/Library/PrivateFrameworks/IOPresentment.framework/Versions/A/IOPresentment
0x00000001a1be0000 	/System/Library/PrivateFrameworks/DSExternalDisplay.framework/Versions/A/DSExternalDisplay
0x00000001f6c2a000 	/System/Library/Frameworks/OpenGL.framework/Versions/A/Libraries/libCoreFSCache.dylib
0x0000000201af4000 	/System/Library/PrivateFrameworks/GPUCompiler.framework/Versions/31001/Libraries/libGPUCompilerUtils.dylib
0x00000001a1c46000 	/System/Library/PrivateFrameworks/CMCaptureCore.framework/Versions/A/CMCaptureCore
0x00000001a1244000 	/System/Library/PrivateFrameworks/AppServerSupport.framework/Versions/A/AppServerSupport
0x00000001a34cc000 	/System/Library/PrivateFrameworks/perfdata.framework/Versions/A/perfdata
0x0000000196a1a000 	/System/Library/PrivateFrameworks/AudioToolboxCore.framework/Versions/A/AudioToolboxCore
0x000000019df13000 	/System/Library/PrivateFrameworks/caulk.framework/Versions/A/caulk
0x00000001a2dc1000 	/usr/lib/libAudioStatistics.dylib
0x00000001b4ddf000 	/System/Library/PrivateFrameworks/SystemPolicy.framework/Versions/A/SystemPolicy
0x00000001a302d000 	/usr/lib/libSMC.dylib
0x00000001abd81000 	/System/Library/Frameworks/CoreMIDI.framework/Versions/A/CoreMIDI
0x00000001a1b07000 	/usr/lib/libAudioToolboxUtility.dylib
0x00000001b0f42000 	/System/Library/PrivateFrameworks/OSAServicesClient.framework/Versions/A/OSAServicesClient
0x00000001a34d9000 	/usr/lib/libperfcheck.dylib
0x00000001b58fe000 	/usr/lib/libmis.dylib
0x00000001f6c8c000 	/System/Library/Frameworks/OpenGL.framework/Versions/A/Libraries/libGLU.dylib
0x00000001f6c4b000 	/System/Library/Frameworks/OpenGL.framework/Versions/A/Libraries/libGFXShared.dylib
0x00000001f6e38000 	/System/Library/Frameworks/OpenGL.framework/Versions/A/Libraries/libGL.dylib
0x00000001f6c54000 	/System/Library/Frameworks/OpenGL.framework/Versions/A/Libraries/libGLImage.dylib
0x00000001f6c48000 	/System/Library/Frameworks/OpenGL.framework/Versions/A/Libraries/libCVMSPluginSupport.dylib
0x00000001f6c31000 	/System/Library/Frameworks/OpenGL.framework/Versions/A/Libraries/libCoreVMClient.dylib
0x000000019eac4000 	/System/Library/Frameworks/MetalPerformanceShaders.framework/Versions/A/Frameworks/MPSCore.framework/Versions/A/MPSCore
0x000000019fc65000 	/System/Library/Frameworks/MetalPerformanceShaders.framework/Versions/A/Frameworks/MPSImage.framework/Versions/A/MPSImage
0x000000019f754000 	/System/Library/Frameworks/MetalPerformanceShaders.framework/Versions/A/Frameworks/MPSNeuralNetwork.framework/Versions/A/MPSNeuralNetwork
0x000000019fb8d000 	/System/Library/Frameworks/MetalPerformanceShaders.framework/Versions/A/Frameworks/MPSMatrix.framework/Versions/A/MPSMatrix
0x000000019f966000 	/System/Library/Frameworks/MetalPerformanceShaders.framework/Versions/A/Frameworks/MPSRayIntersector.framework/Versions/A/MPSRayIntersector
0x000000019fbbe000 	/System/Library/Frameworks/MetalPerformanceShaders.framework/Versions/A/Frameworks/MPSNDArray.framework/Versions/A/MPSNDArray
0x00000001f9733000 	/System/Library/Frameworks/MetalPerformanceShaders.framework/Versions/A/Frameworks/MPSFunctions.framework/Versions/A/MPSFunctions
0x0000000195cac000 	/System/Library/PrivateFrameworks/MetalTools.framework/Versions/A/MetalTools
0x000000019eb42000 	/System/Library/PrivateFrameworks/AggregateDictionary.framework/Versions/A/AggregateDictionary
0x00000001a0a78000 	/usr/lib/libIOReport.dylib
0x00000001aad9a000 	/System/Library/PrivateFrameworks/ASEProcessing.framework/Versions/A/ASEProcessing
0x00000001a0ded000 	/System/Library/PrivateFrameworks/FaceCore.framework/Versions/A/FaceCore
0x00000001a0ddf000 	/System/Library/PrivateFrameworks/GraphVisualizer.framework/Versions/A/GraphVisualizer
0x0000000201a0b000 	/System/Library/PrivateFrameworks/FontServices.framework/Versions/A/FontServices
0x00000001a1200000 	/System/Library/PrivateFrameworks/OTSVG.framework/Versions/A/OTSVG
0x000000019c72d000 	/System/Library/Frameworks/ApplicationServices.framework/Versions/A/Frameworks/ATS.framework/Versions/A/Resources/libFontRegistry.dylib
0x00000001a124d000 	/System/Library/PrivateFrameworks/FontServices.framework/libhvf.dylib
0x0000000201a0c000 	/System/Library/PrivateFrameworks/FontServices.framework/libXTFontStaticRegistryData.dylib
0x00000001f6fd9000 	/System/Library/Frameworks/OpenCL.framework/Versions/A/OpenCL
0x00000001a0c47000 	/System/Library/PrivateFrameworks/AppleVA.framework/Versions/A/AppleVA
0x00000001a2de9000 	/System/Library/Frameworks/ApplicationServices.framework/Versions/A/Frameworks/ATS.framework/Versions/A/ATS
0x000000019b157000 	/System/Library/Frameworks/ApplicationServices.framework/Versions/A/Frameworks/HIServices.framework/Versions/A/HIServices
0x00000001a1c50000 	/System/Library/Frameworks/ApplicationServices.framework/Versions/A/Frameworks/PrintCore.framework/Versions/A/PrintCore
0x00000001a3180000 	/System/Library/Frameworks/ApplicationServices.framework/Versions/A/Frameworks/QD.framework/Versions/A/QD
0x00000001a3178000 	/System/Library/Frameworks/ApplicationServices.framework/Versions/A/Frameworks/ColorSyncLegacy.framework/Versions/A/ColorSyncLegacy
0x00000001a2dd5000 	/System/Library/Frameworks/ApplicationServices.framework/Versions/A/Frameworks/SpeechSynthesis.framework/Versions/A/SpeechSynthesis
0x00000001a1c11000 	/System/Library/Frameworks/ApplicationServices.framework/Versions/A/Frameworks/ATSUI.framework/Versions/A/ATSUI
0x00000001a310d000 	/usr/lib/libcups.2.dylib
0x00000001a34e7000 	/System/Library/Frameworks/Kerberos.framework/Versions/A/Kerberos
0x00000001a34f8000 	/System/Library/Frameworks/GSS.framework/Versions/A/GSS
0x00000001a2e59000 	/usr/lib/libresolv.9.dylib
0x00000001a125c000 	/System/Library/PrivateFrameworks/Heimdal.framework/Versions/A/Heimdal
0x00000001a9fd0000 	/System/Library/Frameworks/Kerberos.framework/Versions/A/Libraries/libHeimdalProxy.dylib
0x000000019bda7000 	/System/Library/Frameworks/Network.framework/Versions/A/Network
0x00000001a0cae000 	/usr/lib/libheimdal-asn1.dylib
0x00000001a3548000 	/System/Library/PrivateFrameworks/CommonAuth.framework/Versions/A/CommonAuth
0x00000001a2d4f000 	/System/Library/PrivateFrameworks/AudioSession.framework/Versions/A/AudioSession
0x00000001a0d40000 	/System/Library/PrivateFrameworks/MediaExperience.framework/Versions/A/MediaExperience
0x00000001a2bd4000 	/System/Library/PrivateFrameworks/AudioSession.framework/libSessionUtility.dylib
0x00000001a318c000 	/System/Library/PrivateFrameworks/AudioResourceArbitration.framework/Versions/A/AudioResourceArbitration
0x00000001a7352000 	/System/Library/PrivateFrameworks/PowerLog.framework/Versions/A/PowerLog
0x00000001a0cb8000 	/System/Library/PrivateFrameworks/IconFoundation.framework/Versions/A/IconFoundation
0x00000001a609b000 	/System/Library/PrivateFrameworks/SpeechRecognitionCore.framework/Versions/A/SpeechRecognitionCore
0x00000001daeef000 	/System/Library/CoreServices/Encodings/libSimplifiedChineseConverter.dylib
0x0000000101c50000 	/Library/Java/JavaVirtualMachines/jdk-18.0.2.jdk/Contents/Home/lib/server/libjvm.dylib
0x0000000100b30000 	/Library/Java/JavaVirtualMachines/jdk-18.0.2.jdk/Contents/Home/lib/libjimage.dylib
0x0000000100b5c000 	/Library/Java/JavaVirtualMachines/jdk-18.0.2.jdk/Contents/Home/lib/libinstrument.dylib
0x0000000100ba8000 	/Library/Java/JavaVirtualMachines/jdk-18.0.2.jdk/Contents/Home/lib/libjava.dylib
0x0000000100b90000 	/Library/Java/JavaVirtualMachines/jdk-18.0.2.jdk/Contents/Home/lib/libzip.dylib
0x000000010173c000 	/Library/Java/JavaVirtualMachines/jdk-18.0.2.jdk/Contents/Home/lib/libnio.dylib
0x000000010175c000 	/Library/Java/JavaVirtualMachines/jdk-18.0.2.jdk/Contents/Home/lib/libnet.dylib
0x0000000100c1c000 	/Library/Java/JavaVirtualMachines/jdk-18.0.2.jdk/Contents/Home/lib/libextnet.dylib
0x0000000100c30000 	/Users/renu/.openjfx/cache/17/libprism_es2.dylib
0x0000000197efa000 	/System/Library/PrivateFrameworks/CoreServicesInternal.framework/Versions/A/CoreServicesInternal
0x00000001f6e42000 	/System/Library/Frameworks/OpenGL.framework/Versions/A/Resources/GLEngine.bundle/GLEngine
0x00000001f6cca000 	/System/Library/Frameworks/OpenGL.framework/Versions/A/Libraries/libGLProgrammability.dylib
0x0000000101970000 	/System/Library/Extensions/AppleMetalOpenGLRenderer.bundle/Contents/MacOS/AppleMetalOpenGLRenderer
0x00000001f6fb1000 	/System/Library/Frameworks/OpenGL.framework/Versions/A/Resources/GLRendererFloat.bundle/GLRendererFloat
0x00000001f70b1000 	/System/Library/Extensions/AGXMetal13_3.bundle/Contents/MacOS/AGXMetal13_3
0x00000001b591a000 	/System/Library/PrivateFrameworks/GPURawCounter.framework/Versions/A/GPURawCounter
0x00000001b00ab000 	/System/Library/PrivateFrameworks/IOGPU.framework/Versions/A/IOGPU
0x000000010a470000 	/Users/renu/.openjfx/cache/17/libglass.dylib
0x00000001a75aa000 	/System/Library/Frameworks/FileProvider.framework/Versions/A/FileProvider
0x000000019bb74000 	/System/Library/Frameworks/Accounts.framework/Versions/A/Accounts
0x00000001a772e000 	/System/Library/PrivateFrameworks/GenerationalStorage.framework/Versions/A/GenerationalStorage
0x00000001a82f1000 	/System/Library/PrivateFrameworks/CoreSymbolication.framework/Versions/A/CoreSymbolication
0x00000001a7346000 	/System/Library/PrivateFrameworks/SymptomDiagnosticReporter.framework/Versions/A/SymptomDiagnosticReporter
0x00000001991eb000 	/System/Library/PrivateFrameworks/DesktopServicesPriv.framework/Versions/A/DesktopServicesPriv
0x000000019805c000 	/usr/lib/libsandbox.1.dylib
0x000000019cbf2000 	/System/Library/PrivateFrameworks/UserManagement.framework/Versions/A/UserManagement
0x00000001a82ae000 	/System/Library/PrivateFrameworks/DebugSymbols.framework/Versions/A/DebugSymbols
0x00000001a316b000 	/System/Library/PrivateFrameworks/NetAuth.framework/Versions/A/NetAuth
0x00000001a408c000 	/System/Library/PrivateFrameworks/Sharing.framework/Versions/A/Sharing
0x000000019cbc2000 	/System/Library/PrivateFrameworks/login.framework/Versions/A/Frameworks/loginsupport.framework/Versions/A/loginsupport
0x00000001a94e5000 	/System/Library/PrivateFrameworks/Apple80211.framework/Versions/A/Apple80211
0x000000019fd49000 	/System/Library/PrivateFrameworks/AuthKit.framework/Versions/A/AuthKit
0x000000019f3d1000 	/System/Library/PrivateFrameworks/CoreUtils.framework/Versions/A/CoreUtils
0x000000019f2f4000 	/System/Library/Frameworks/CoreWLAN.framework/Versions/A/CoreWLAN
0x00000001a41fc000 	/System/Library/Frameworks/IOBluetooth.framework/Versions/A/IOBluetooth
0x00000001a9545000 	/System/Library/PrivateFrameworks/CoreWiFi.framework/Versions/A/CoreWiFi
0x00000001a7e8e000 	/System/Library/PrivateFrameworks/FrontBoardServices.framework/Versions/A/FrontBoardServices
0x00000001a7f26000 	/System/Library/PrivateFrameworks/BoardServices.framework/Versions/A/BoardServices
0x000000019f5e4000 	/System/Library/PrivateFrameworks/AssertionServices.framework/Versions/A/AssertionServices
0x00000001a96c2000 	/System/Library/PrivateFrameworks/BackBoardServices.framework/Versions/A/BackBoardServices
0x00000001a35df000 	/System/Library/PrivateFrameworks/CorePhoneNumbers.framework/Versions/A/CorePhoneNumbers
0x00000001a2e86000 	/System/Library/PrivateFrameworks/MultiverseSupport.framework/Versions/A/MultiverseSupport
0x00000001a9943000 	/System/Library/PrivateFrameworks/RemoteServiceDiscovery.framework/Versions/A/RemoteServiceDiscovery
0x00000001a7476000 	/System/Library/PrivateFrameworks/DiskManagement.framework/Versions/A/DiskManagement
0x00000001a7379000 	/System/Library/PrivateFrameworks/AppleIDAuthSupport.framework/Versions/A/AppleIDAuthSupport
0x00000001fbf70000 	/System/Library/PrivateFrameworks/AAAFoundation.framework/Versions/A/AAAFoundation
0x00000001a35be000 	/System/Library/PrivateFrameworks/KeychainCircle.framework/Versions/A/KeychainCircle
0x00000001a9953000 	/System/Library/PrivateFrameworks/RemoteXPC.framework/Versions/A/RemoteXPC
0x00000001a7442000 	/System/Library/PrivateFrameworks/MediaKit.framework/Versions/A/MediaKit
0x00000001a7386000 	/System/Library/Frameworks/DiscRecording.framework/Versions/A/DiscRecording
0x00000001a0bc3000 	/usr/lib/libCoreStorage.dylib
0x00000001a99bf000 	/usr/lib/libcsfde.dylib
0x00000001a42d1000 	/System/Library/PrivateFrameworks/ProtectedCloudStorage.framework/Versions/A/ProtectedCloudStorage
0x00000001a99b7000 	/System/Library/PrivateFrameworks/EFILogin.framework/Versions/A/EFILogin
0x00000001a7755000 	/System/Library/PrivateFrameworks/OctagonTrust.framework/Versions/A/OctagonTrust
0x0000000200b92000 	/System/Library/PrivateFrameworks/CoreUtilsExtras.framework/Versions/A/CoreUtilsExtras
0x00000001a72ab000 	/System/Library/Frameworks/CoreBluetooth.framework/Versions/A/CoreBluetooth
0x00000001aa055000 	/System/Library/Frameworks/AudioUnit.framework/Versions/A/AudioUnit
0x00000001a0bbb000 	/usr/lib/libMatch.1.dylib
0x00000001b9e02000 	/System/Library/Frameworks/Accelerate.framework/Versions/A/Frameworks/vImage.framework/Versions/A/Libraries/libCGInterfaces.dylib
0x000000010a4d8000 	/usr/lib/libobjc-trampolines.dylib
0x000000019c8bc000 	/System/Library/PrivateFrameworks/ViewBridge.framework/Versions/A/ViewBridge


VM Arguments:
jvm_args: -javaagent:/Applications/IntelliJ IDEA.app/Contents/lib/idea_rt.jar=58516:/Applications/IntelliJ IDEA.app/Contents/bin -Dfile.encoding=UTF-8 
java_command: org.example.App
java_class_path (initial): /Users/renu/Documents/junior/OOAD/experiment/3/myGizmoBall/target/classes:/Users/renu/software/maven/repository/org/projectlombok/lombok/1.18.24/lombok-1.18.24.jar:/Users/renu/software/maven/repository/org/openjfx/javafx-controls/17/javafx-controls-17.jar:/Users/renu/software/maven/repository/org/openjfx/javafx-controls/17/javafx-controls-17-mac-aarch64.jar:/Users/renu/software/maven/repository/org/openjfx/javafx-graphics/17/javafx-graphics-17.jar:/Users/renu/software/maven/repository/org/openjfx/javafx-graphics/17/javafx-graphics-17-mac-aarch64.jar:/Users/renu/software/maven/repository/org/openjfx/javafx-base/17/javafx-base-17.jar:/Users/renu/software/maven/repository/org/openjfx/javafx-base/17/javafx-base-17-mac-aarch64.jar:/Users/renu/software/maven/repository/org/openjfx/javafx-fxml/17/javafx-fxml-17.jar:/Users/renu/software/maven/repository/org/openjfx/javafx-fxml/17/javafx-fxml-17-mac-aarch64.jar
Launcher Type: SUN_STANDARD

[Global flags]
     intx CICompilerCount                          = 4                                         {product} {ergonomic}
     uint ConcGCThreads                            = 2                                         {product} {ergonomic}
     uint G1ConcRefinementThreads                  = 8                                         {product} {ergonomic}
   size_t G1HeapRegionSize                         = 2097152                                   {product} {ergonomic}
    uintx GCDrainStackTargetSize                   = 64                                        {product} {ergonomic}
   size_t InitialHeapSize                          = 268435456                                 {product} {ergonomic}
   size_t MarkStackSize                            = 4194304                                   {product} {ergonomic}
   size_t MaxHeapSize                              = 4294967296                                {product} {ergonomic}
   size_t MaxNewSize                               = 2575302656                                {product} {ergonomic}
   size_t MinHeapDeltaBytes                        = 2097152                                   {product} {ergonomic}
   size_t MinHeapSize                              = 8388608                                   {product} {ergonomic}
    uintx NonNMethodCodeHeapSize                   = 5839564                                {pd product} {ergonomic}
    uintx NonProfiledCodeHeapSize                  = 122909338                              {pd product} {ergonomic}
    uintx ProfiledCodeHeapSize                     = 122909338                              {pd product} {ergonomic}
    uintx ReservedCodeCacheSize                    = 251658240                              {pd product} {ergonomic}
     bool SegmentedCodeCache                       = true                                      {product} {ergonomic}
   size_t SoftMaxHeapSize                          = 4294967296                             {manageable} {ergonomic}
     bool UseCompressedClassPointers               = true                           {product lp64_product} {ergonomic}
     bool UseCompressedOops                        = true                           {product lp64_product} {ergonomic}
     bool UseG1GC                                  = true                                      {product} {ergonomic}
     bool UseNUMA                                  = false                                     {product} {ergonomic}
     bool UseNUMAInterleaving                      = false                                     {product} {ergonomic}

Logging:
Log output configuration:
 #0: stdout all=warning uptime,level,tags foldmultilines=false
 #1: stderr all=off uptime,level,tags foldmultilines=false

Environment Variables:
PATH=/Users/renu/Library/Python/3.8/bin:/opt/homebrew/opt/llvm/bin:/opt/homebrew/opt/llvm/bin:/opt/homebrew/bin:/opt/homebrew/sbin:/usr/local/bin:/usr/bin:/bin:/usr/sbin:/sbin:/Applications/VMware Fusion Tech Preview.app/Contents/Public:/Users/renu/.zsh/misc:/usr/local/mysql/bin
SHELL=/bin/zsh
LC_CTYPE=zh_CN.UTF-8

Signal Handlers:
   SIGSEGV: _ZL13crash_handleriP9__siginfoPv in libjvm.dylib, mask=11100110000111110111111111111111, flags=SA_RESTART|SA_SIGINFO
    SIGBUS: _ZL13crash_handleriP9__siginfoPv in libjvm.dylib, mask=11100110000111110111111111111111, flags=SA_RESTART|SA_SIGINFO
    SIGFPE: _ZL13crash_handleriP9__siginfoPv in libjvm.dylib, mask=11100110000111110111111111111111, flags=SA_RESTART|SA_SIGINFO
   SIGPIPE: _ZL17javaSignalHandleriP9__siginfoPv in libjvm.dylib, mask=11100110000111110111111111111111, flags=SA_RESTART|SA_SIGINFO
   SIGXFSZ: _ZL17javaSignalHandleriP9__siginfoPv in libjvm.dylib, mask=11100110000111110111111111111111, flags=SA_RESTART|SA_SIGINFO
    SIGILL: _ZL13crash_handleriP9__siginfoPv in libjvm.dylib, mask=11100110000111110111111111111111, flags=SA_RESTART|SA_SIGINFO
   SIGUSR2: _ZL10SR_handleriP9__siginfoP17__darwin_ucontext in libjvm.dylib, mask=00100000000000000000000000000000, flags=SA_RESTART|SA_SIGINFO
    SIGHUP: _ZL11UserHandleriPvS_ in libjvm.dylib, mask=11100110000111110111111111111111, flags=SA_RESTART|SA_SIGINFO
    SIGINT: _ZL11UserHandleriPvS_ in libjvm.dylib, mask=11100110000111110111111111111111, flags=SA_RESTART|SA_SIGINFO
   SIGTERM: _ZL11UserHandleriPvS_ in libjvm.dylib, mask=11100110000111110111111111111111, flags=SA_RESTART|SA_SIGINFO
   SIGQUIT: _ZL11UserHandleriPvS_ in libjvm.dylib, mask=11100110000111110111111111111111, flags=SA_RESTART|SA_SIGINFO
   SIGTRAP: _ZL13crash_handleriP9__siginfoPv in libjvm.dylib, mask=11100110000111110111111111111111, flags=SA_RESTART|SA_SIGINFO


---------------  S Y S T E M  ---------------

OS:
uname: Darwin 21.6.0 Darwin Kernel Version 21.6.0: Wed Aug 10 14:28:35 PDT 2022; root:xnu-8020.141.5~2/RELEASE_ARM64_T8101 arm64
OS uptime: 18 days 0:01 hours
rlimit (soft/hard): STACK 8176k/65520k , CORE 0k/infinity , NPROC 2666/4000 , NOFILE 10240/infinity , AS infinity/infinity , CPU infinity/infinity , DATA infinity/infinity , FSIZE infinity/infinity , MEMLOCK infinity/infinity , RSS infinity/infinity
load average: 1.80 2.15 2.25

CPU: total 8 (initial active 8) 0x61:0x0:0x1b588bb3:0, fp, simd, aes, pmull, crc, lse

Memory: 16k page, physical 16777216k(63584k free), swap 4194304k(696576k free)

vm_info: Java HotSpot(TM) 64-Bit Server VM (18.0.2+9-61) for bsd-aarch64 JRE (18.0.2+9-61), built on Jun  7 2022 12:36:11 by "mach5one" with clang Apple LLVM 12.0.0 (clang-1200.0.32.29)

END.
